[    0.000000] Initializing cgroup subsys cpuset
[    0.000000] Initializing cgroup subsys cpu
[    0.000000] Initializing cgroup subsys cpuacct
[    0.000000] Linux version 4.4.0-142-generic (ilddd@lgw01-amd64-033) (gcc version 5.4.0 20160609 (Ubuntu 5.4.0-6ubuntu1~16.04.10) ) #168-Ubuntu SMP Wed Jan 16 21:00:45 UTC 2019 (Ubuntu 4.4.0-142.168-generic 4.4.167)
[    0.000000] Command line: BOOT_IMAGE=/boot/vmlinuz-4.4.0-142-generic root=LABEL=cloudimg-rootfs ro console=tty1 console=ttyS0
[    0.000000] KERNEL supported cpus:
[    0.000000]   Intel GenuineIntel
[    0.000000]   AMD AuthenticAMD
[    0.000000]   Centaur CentaurHauls
[    0.000000] x86/fpu: xstate_offset[2]:  576, xstate_sizes[2]:  256
[    0.000000] x86/fpu: Supporting XSAVE feature 0x01: 'x87 floating point registers'
[    0.000000] x86/fpu: Supporting XSAVE feature 0x02: 'SSE registers'
[    0.000000] x86/fpu: Supporting XSAVE feature 0x04: 'AVX registers'
[    0.000000] x86/fpu: Enabled xstate features 0x7, context size is 832 bytes, using 'standard' format.
[    0.000000] e820: BIOS-provided physical RAM map:
[    0.000000] BIOS-e820: [mem 0x0000000000000000-0x000000000009fbff] usable
[    0.000000] BIOS-e820: [mem 0x000000000009fc00-0x000000000009ffff] reserved
[    0.000000] BIOS-e820: [mem 0x00000000000f0000-0x00000000000fffff] reserved
[    0.000000] BIOS-e820: [mem 0x0000000000100000-0x000000003ffeffff] usable
[    0.000000] BIOS-e820: [mem 0x000000003fff0000-0x000000003fffffff] ACPI data
[    0.000000] BIOS-e820: [mem 0x00000000fec00000-0x00000000fec00fff] reserved
[    0.000000] BIOS-e820: [mem 0x00000000fee00000-0x00000000fee00fff] reserved
[    0.000000] BIOS-e820: [mem 0x00000000fffc0000-0x00000000ffffffff] reserved
[    0.000000] NX (Execute Disable) protection: active
[    0.000000] SMBIOS 2.5 present.
[    0.000000] Hypervisor detected: KVM
[    0.000000] e820: last_pfn = 0x3fff0 max_arch_pfn = 0x400000000
[    0.000000] MTRR: Disabled
[    0.000000] x86/PAT: MTRRs disabled, skipping PAT initialization too.
[    0.000000] CPU MTRRs all blank - virtualized system.
[    0.000000] x86/PAT: Configuration [0-7]: WB  WT  UC- UC  WB  WT  UC- UC  
[    0.000000] found SMP MP-table at [mem 0x0009fff0-0x0009ffff mapped at [ffff88000009fff0]
[    0.000000] Scanning 1 areas for low memory corruption
[    0.000000] RAMDISK: [mem 0x3630a000-0x3717cfff]
[    0.000000] ACPI: Early table checksum verification disabled
[    0.000000] ACPI: RSDP 0x00000000000E0000 000024 (v02 VBOX  )
[    0.000000] ACPI: XSDT 0x000000003FFF0030 00003C (v01 VBOX   VBOXXSDT 00000001 ASL  00000061)
[    0.000000] ACPI: FACP 0x000000003FFF00F0 0000F4 (v04 VBOX   VBOXFACP 00000001 ASL  00000061)
[    0.000000] ACPI: DSDT 0x000000003FFF0470 0021FF (v02 VBOX   VBOXBIOS 00000002 INTL 20100528)
[    0.000000] ACPI: FACS 0x000000003FFF0200 000040
[    0.000000] ACPI: FACS 0x000000003FFF0200 000040
[    0.000000] ACPI: APIC 0x000000003FFF0240 00005C (v02 VBOX   VBOXAPIC 00000001 ASL  00000061)
[    0.000000] ACPI: SSDT 0x000000003FFF02A0 0001CC (v01 VBOX   VBOXCPUT 00000002 INTTL 20100528)
[    0.000000] No NUMA configuration found
[    0.000000] Faking a node at [mem 0x0000000000000000-0x000000003ffeffff]
[    0.000000] NODE_DATA(0) allocated [mem 0x3ffeb000-0x3ffeffff]
[    0.000000] kvm-clock: Using msrs 4b564d01 and 4b564d00
[    0.000000] kvm-clock: cpu 0, msr 0:3ffe3001, primary cpu clock
[    0.000000] kvm-clock: using sched offset of 4140700037 cycles
[    0.000000] clocksource: kvm-clock: mask: 0xffffffffffffffff max_cycles: 0x1cd42e4dffb, max_idle_ns: 881590591483 ns
[    0.000000] Zone ranges:
[    0.000000]   DMA      [mem 0x0000000000001000-0x0000000000ffffff]
[    0.000000]   DMA32    [mem 0x0000000001000000-0x000000003ffeffff]
[    0.000000]   Normal   empty
[    0.000000]   Device   empty
[   0.000000] Movable zone start for each node
[    0.000000] Early memory node ranges
[    0.000000]   node   0: [mem 0x0000000000001000-0x000000000009efff]
[    0.000000]   node   0: [mem 0x0000000000100000-0x000000003ffeffff]
[    0.000000] Initmem setup node 0 [mem 0x0000000000001000-0x000000003ffeffff]
[    0.000000] ACPI: PM-Timer IO Port: 0x4008
[    0.000000] IOAPIC[0]: apic_id 2, version 32, address 0xfec00000, GSI 0-23
[    0.000000] ACPI: INT_SRC_OVR (bus 0 bus_irq 0 global_irq 2 dfl dfl)
[    0.000000] ACPI: INT_SRC_OVR (bus 0 bus_irq 9 global_irq 9 low level)
[    0.000000] Using ACPI (MADT) for SMP configuration information
[    0.000000] smpboot: Allowing 2 CPUs, 0 hotplug CPUs
[    0.000000] PM: Registered nosave memory: [mem 0x00000000-0x00000fff]
[    0.000000] PM: Registered nosave memory: [mem 0x0009f000-0x0009ffff]
[    0.000000] PM: Registered nosave memory: [mem 0x000a0000-0x000effff]
[    0.000000] PM: Registered nosave memory: [mem 0x000f0000-0x000fffff]
[    0.000000] e820: [mem 0x40000000-0xfebfffff] available for PCI devices
[    0.000000] Bootg paravirtualized kernel on KVM
[    0.000000] clocksource: refined-jiffies: mask: 0xffffffff max_cycles: 0xffffffff, max_idle_ns: 7645519600211568 ns
[    0.000000] setup_percpu: NR_CPUS:512 nr_cpumask_bits:512 nr_cpu_ids:2 nr_node_ids:1
[    0.000000] PERCPU: Emmbedded 34 pages/cpu @ffff88003fc00000 s99480 r8192 d31592 u1048576
[    0.000000] Built 1 zonelists in Node order, mobility grouping on.  Total pages: 257912
[    0.000000] Policy zone: DMA32
[    0.000000] Kernel command line: BOOT_IMAGE=/boot/vmlinuz-4.4.0-142-generic root=LABEL=cloudimg-rootfs ro console=tty1 console=ttyS0
[    0.000000] PID hash table entries: 4096 (order: 3, 32768 bytes)
[    0.000000] Memory: 997736K/1048120K available (8603K kernel code, 1332K rwdata, 4004K rodata, 1484K init, 1316K bss, 50384K reserved, 0K cma-reserved)
[    0.000000] SLUB: HWalign=64, Order=0-3, MinObjects=0, CPUs=2, Nodes=1
[    0.000000] Kernel/User page tables isolation: enabled
[    0.000000] Hierarchical RCU implementation.
[    0.000000] 	Build-time adjustment of leaf fanout to 64.
[    0.00000] 	RCU restricting CPUs from NR_CPUS=512 to nr_cpu_ids=2.
[    0.000000] RCU: Adjusting geometry for rcu_fanout_leaf=64, nr_cpu_ids=2
[    0.000000] NR_IRQS:33024 nr_irqs:440 16
[    0.000000] Console: colour VGA+ 80x25
[    0.000000] console [tty1] enabled
[    0.000000] console [ttyS0] enabled
[    0.000000] tsc: Detected 2808.000 MHz processor
[    0.467344] Calibrating delay loop (skipped) preset value.. 5616.00 BogoMIPS (lpj=11232000)
[    0.469910] pid_max: default: 32768 minimum: 301
[    0.476070] ACPI: Core revision 20150930
[    0.482876] ACPI: 2 ACPI AML tables successfully acquired and loaded
[    0.484757] Security Framework initialized
[    0.485983] Yama: becoming mindful.
[    0.487217] AppArmor: AppArmor initialized
[    0.493166] Dentry cache hash table entries: 131072 (order: 8, 1048576 bytes)
[    0.497453] Inode-cache hash table entries: 65536 (order: 7, 524288 bytes)
[    0.499374] Mount-cache hash table entries: 2048 (order: 2, 16384 bytes)
[    0.501146] Mountpoint-cache hash table entries: 2048 (order: 2, 16384 bytes)
[    0.503584] Initializing cgroup subsys io
[    0.506129] Initializing cgroup subsys memory
[    0.508398] Initializing cgroup subsys devices
[    0.517226] Initializing cgroup subsys freezer
[    0.518543] Initializing cgroup subsys net_cls
[    0.519864] Initializing cgroup subsys perf_event
[    0.528822] Initializing cgroup subsys net_prio
[    0.530194] Initializing cgroup subsys hugetlb
[    0.531506] Initializing cgroup subsys pids
[    0.534050] mce: CPU supports 0 MCE banks
[    0.535308] Last level iTLB entries: 4KB 64, 2MB 8, 4MB 8
[    0.536871] Last level dTLB entries: 4KB 64, 2MB 0, 4MB 0, 1GB 4
[    0.545504] Spectre V2 : Mitigation: Full generic retpoline
[    0.547053] Spectre V2 : Spectre v2 / SpectreRSB mitigation: Filling RSB on context switch
[    0.549451] Speculative Store Bypass: Vulnerable
[    0.554262] Freeing SMP alternatives memory: 32K
[    0.566002] ftrace: allocating 32277 entries in 127 pages
[    0.653581] smpboot: APIC(0) Converting physical 0 to logical package 0
[    0.663577] smpboot: Max logical packages: 1
[    0.666110] x2apic enabled
[    0.667962] Switched APIC routing to physical x2apic.
[    0.673736] ..TIMER: vector=0x30 apic1=0 pin1=2 apic2=-1 pin2=-1
[    0.782937] smpboot: CPU0: Intel(R) Core(TM) i7-6600U CPU @ 2.60GHz (family: 0x6, model: 0x4e, stepping: 0x3)
[    0.787265] Performance Events: unsupported p6 CPU model 78 no PMU driver, software events only.
[    0.804797] KVM setup paravirtual spinlock
[    0.808397] x86: Booting SMP configuration:
[    0.811324] .... node  #0, CPUs:      #1
[    0.812677] kvm-clock: cpu 1, msr 0:3ffe3041, secondary cpu clock
[    0.815786] mce: CPU supports 0 MCE banks
[    0.818935] x86: Booted up 1 node, 2 CPUs
[    0.820608] smpboot: Total of 2 processors activated (11232.00 BogoMIPS)
[    0.829471] devtmpfs: initialized
[    0.833038] evm: security.selinux
[    0.834143] evm: security.SMACK64
[    0.835262] evm: security.SMACK64EXEC
[    0.836491] evm: security.SMACK64TRANSMUTE
[    0.838175] evm: security.SMACK64MMAP
[    0.841841] evm: security.ima
[    0.844261] evm: security.capability
[    0.845902] clocksource: jiffies: mask: 0xffffffff max_cycles: 0xffffffff, max_idle_ns: 7645041785100000 ns
[    0.848690] futex hash table entries: 512 (order: 3, 32768 bytes)
[    0.850519] pinctrl core: initialized pinctrl subsystem
[    0.852134] RTC time: 13:03:01, date: 03/22/19
[    0.853615] NET: Registered protocol family 16
[    0.872709] cpuidle: using governor ladder
[    0.885359] cpuidle: using governor menu
[    0.886617] PCCT header not found.
[    0.888916] ACPI: bus type PCI registered
[    0.890982] acpiphp: ACPI Hot Plug PCI Controller Driver version: 0.5
[    0.894978] PCI: Using configuration type 1 for base access
[    0.909845] ACPI: Added _OSI(Module Device)
[    0.911176] ACPI: Added _OSI(Processor Device)
[    0.912528] ACPI: Added _OSI(3.0 _SCP Extensions)
[    0.913968] ACPI: Added _OSI(Processor Aggregator Device)
[    0.916354] ACPI: Executed 1 blocks of module-level executable AML code
[    0.922081] ACPI: Interpreter enabled
[    0.924471] ACPI: (supports S0 S5)
[    0.927979] ACPI: Using IOAPIC for interrupt routing
[    0.929644] PCI: Using host bridge windows from ACPI; if necessary, use "pci=nocrs" and report a bug
[    0.937221] ACPI: PCI Root Bridge [PCI0] (domain 0000 [bus 00-ff])
[    0.940775] acpi PNP0A03:00: _OSC: OS supports [ASPM ClockPM Segments MSI]
[    0.944218] acpi PNP0A03:00: _OSC: not requesting OS control; OS requires [ExtendedConfig ASPM ClockPM MSI]
[    0.947112] acpi PNP0A03:00: fail to add MMCONFIG information, can't access extended PCI configuration space under this bridge.
[    0.950687] PCI host bridge to bus 0000:00
[    0.951975] pci_bus 0000:00: root bus resource [io  0x0000-0x0cf7 window]
[    0.953853] pci_bus 0000:00: root bus resource [io  0x0d00-0xffff window]
[    0.962111] pci_bus 0000:00: root bus resource [mem 0x000a0000-0x000bffff window]
[    0.964445] pci_bus 0000:00: root bus resource [mem 0x40000000-0xfdffffff window]
[    0.966702] pci_bus 0000:00: root bus resource [bus 00-ff]
[    0.971061] pci 0000:00:01.1: legacy IDE quirk: reg 0x10: [io  0x01f0-0x01f7]
[    0.976166] pci 0000:00:01.1: legacy IDE quirk: reg 0x14: [io  0x03f6]
[    0.978210] pci 0000:00:01.1: legacy IDE quirk: reg 0x18: [io  0x0170-0x0177]
[    0.980103] pci 0000:00:01.1: legacy IDE quirk: reg 0x1c: [io  0x0376]
[    0.999782] pci 0000:00:07.0: quirk: [io  0x4000-0x403f] claimed by PIIX4 ACPI
[    1.002261] pci 0000:00:07.0: quirk: [io  0x4100-0x410f] claimed by PIIX4 SMB
[    1.046075] ACPI: PCI Interrupt Link [LNKA] (IRQs 5 9 10 *11)
[    1.048611] ACPI: PCI Interrupt Link [LNKB] (IRQs 5 9 *10 11)
[    1.050811] ACPI: PCI Interrupt Link [LNKC] (IRQs 5 *9 10 11)
[    1.053050] ACPI: PCI Interrupt Link [LNKD] (IRQs 5 9 10 *11)
[    1.059343] ACPI: Enabled 2 GPEs in block 00 to 07
[    1.061714] vgaarb: setting as boot device: PCI:0000:00:02.0
[    1.063257] vgaarb: device added: PCI:0000:00:02.0,decodes=io+mem,owns=io+mem,locks=none
[    1.065671] vgaarb: loaded
[    1.066654] vgaarb: bridge control possible 0000:00:02.0
[    1.068426] SCSI subsystem initialized
[    1.069806] ACPI: bus type USB registered
[    1.071996] usbcore: registered new interface driver usbfs
[    1.074736] usbcore: registered new interface driver hub
[    1.083443] usbcore: registered new device driver usb
[    1.086343] PCI: Using ACPI for IRQ routing
[    1.089209] NetLabel: Initializing
[    1.091035] NetLabel:  domain hash size = 128
[    1.095870] NetLabel:  protocols = UNLABELED CIPSOv4
[    1.097352] NetLabel:  unlabeled traffic allowed by default
[    1.099041] amd_nb: Cannot enumerate AMD northbridges
[    1.100920] clocksource: Switched to clocksource kvm-clock
[    1.115139] AppArmor: AppArmor Filesystem Enabled
[    1.116645] pnp: PnP ACPI init
[    1.118691] pnp: PnP ACPI: found 3 devices
[    1.133312] clocksource: acpi_pm: mask: 0xffffff max_cycles: 0xffffff, max_idle_ns: 2085701024 ns
[    1.135983] NET: Registered protocol family 2
[    1.138303] TCP established hash table entries: 8192 (order: 4, 65536 bytes)
[    1.141116] TCP bind hash table entries: 8192 (order: 5, 131072 bytes)
[    1.144776] TCP: Hash tables configured (established 8192 bind 8192)
[    1.146542] UDP hash table entries: 512 (order: 2, 16384 bytes)
[    1.148173] UDP-Lite hash table entries: 512 (order: 2, 16384 bytes)
[    1.149923] NET: Registered protocol family 1
[    1.151230] pci 0000:00:00.0: Limiting direct PCI/PCI transfers
[    1.152892] pci 0000:00:01.0: Activating ISA DMA hang workarounds
[    1.156623] Unpacking initramfs...
[    1.458165] Freeing initrd memory: 14796K
[    1.460992] platform rtc_cmos: registered platform RTC device (no PNP device found)
[    1.463559] Scanning for low memory corruption every 60 seconds
[    1.465645] audit: initializing netlink subsys (disabled)
[    1.467203] audit: type=2000 audit(1553259786.675:1): initialized
[    1.469198] Initialise system trusted keyring
[    1.471463] HugeTLB registered 2 MB page size, pre-allocated 0 pages
[    1.480848] zbud: loaded
[    1.482812] VFS: Disk quotas dquot_6.6.0
[    1.484621] VFS: Dquot-cache hash table entries: 512 (order 0, 4096 bytes)
[    1.486904] squashfs: version 4.0 (2009/01/31) Phillip Lougher
[    1.495953] fuse init (API version 7.23)
[    1.497551] Key type big_key registered
[    1.498849] Allocating IMA MOK and blacklist keyrings.
[    1.502393] Key type asymmetric registered
[    1.517443] Asymmetric key parser 'x509' registered
[    1.519012] Block layer SCSI generic (bsg) driver version 0.4 loaded (major 249)
[    1.523358] io scheduler noop registered
[    1.526210] io scheduler deadline registered (default)
[    1.529886] io scheduler cfq registered
[    1.531197] pci_hotplug: PCI Hot Plug PCI Core version: 0.5
[    1.532771] pciehp: PCI Express Hot Plug Controller Driver version: 0.4
[    1.534722] ACPI: AC Adapter [AC] (off-line)
[    1.536090] input: Power Button as /devices/LNXSYSTM:00/LNXPWRBN:00/input/input0
[    1.540219] ACPI: Power Button [PWRF]
[    1.547823] input: Sleep Button as /devices/LNXSYSTM:00/LNXSLPBN:00/input/input1
[    1.550184] ACPI: Sleep Button [SLPF]
[    1.551553] GHES: HEST is not enabled!
[    1.552372] ACPI: Battery Slot [BAT0] (battery present)
[    1.562153] Serial: 8250/16550 driver, 32 ports, IRQ sharing enabled
[    1.587217] 00:02: ttyS0 at I/O 0x3f8 (irq = 4, base_baud = 115200) is a 16550A
[    1.595685] Linux agpgart interface v0.103
[    1.599329] loop: module loaded
[    1.601095] scsi host0: ata_piix
[    1.602336] scsi host1: ata_piix
[    1.603464] ata1: PATA max UDMA/33 cmd 0x1f0 ctl 0x3f6 bmdma 0xd000 irq 14
[    1.607086] ata2: PATA max UDMA/33 cmd 0x170 ctl 0x376 bmdma 0xd008 irq 15
[    1.611216] libphy: Fixed MDIO Bus: probed
[    1.612861] tun: Universal TUN/TAP device driver, 1.6
[    1.614854] tun: (C) 1999-2004 Max Krasnyansky <maxk@qualcomm.com>
[    1.617254] PPP generic driver version 2.4.2
[    1.618670] ehci_hcd: USB 2.0 'Enhanced' Host Controller (EHCI) Driver
[    1.621023] ehci-pci: EHCI PCI platform driver
[    1.623560] ehci-platform: EHCI generic platform driver
[    1.627047] ohci_hcd: USB 1.1 'Open' Host Controller (OHCI) Driver
[    1.628926] ohci-pci: OHCI PCI platform driver
[    1.630379] ohci-platform: OHCI generic platform driver
[    1.631856] uhci_hcd: USB Universal Host Controller Interface driver
[    1.633649] i8042: PNP: PS/2 Controller [PNP0303:PS2K,PNP0f03:PS2M] at 0x60,0x64 irq 1,12
[    1.636636] serio: i8042 KBD port at 0x60,0x64 irq 1
[    1.639485] serio: i8042 AUX port at 0x60,0x64 irq 12
[    1.643018] mousedev: PS/2 mouse device common for all mice
[    1.645085] input: AT Translated Set 2 keyboard as /devices/platform/i8042/serio0/input/input2
[    1.648090] rtc_cmos rtc_cmos: rtc core: registered rtc_cmos as rtc0
[    1.649910] rtc_cmos rtc_cmos: alarms up to one day, 114 bytes nvram
[    1.651628] i2c /dev entries driver
[    1.652792] device-mapper: uevent: version 1.0.3
[    1.655723] device-mapper: ioctl: 4.34.0-ioctl (2015-10-28) initialised: dm-devel@redhat.com
[    1.662363] ledtrig-cpu: registered to indicate activity on CPUs
[    1.664541] NET: Registered protocol family 10
[    1.666098] NET: Registered protocol family 17
[    1.667413] Key type dns_resolver registered
[    1.669216] registered taskstats version 1
[    1.671851] Loading compiled-in X.509 certificates
[    1.675845] Loaded X.509 cert 'Build time autogenerated kernel key: bff73e56bc0efa7435b2a24f5427674623f1be80'
[    1.678906] zswap: loaded using pool lzo/zbud
[    1.682303] Key type trusted registered
[    1.688340] Key type encrypted registered
[    1.690581] AppArmor: AppArmor sha1 policy hashing enabled
[    1.694247] ima: No TPM chip found, activating TPM-bypass!
[    1.695959] ima: Allocated hash algorithm: sha1
[    1.697472] evm: HMAC attrs: 0x1
[    1.699200]   Magic number: 11:525:79
[    1.700538] rtc_cmos rtc_cmos: setting system clock to 2019-03-22 13:03:01 UTC (1553259781)
[    1.703528] BIOS EDD facility v0.16 2004-Jun-25, 0 devices found
[    1.707391] EDD information not available.
[    1.771725] Freeing unused kernel memory: 1484K
[    1.774471] Write protecting the kernel read-only data: 14336k
[    1.851398] Freeing unused kernel memory: 1624K
[    1.859921] Freeing unused kernel memory: 92K
Loading, please wait...
starting version 229
[    1.883976] random: systemd-udevd: uninitialized urandom read (16 bytes read, 3 bits of entropy available)
[    1.884494] random: udevadm: uninitialized urandom read (16 bytes read, 3 bits of entropy available)
[    1.884529] random: udevadm: uninitialized urandom read (16 bytes read, 3 bits of entropy available)
[    1.902023] random: udevadm: uninitialized urandom read (16 bytes read, 3 bits of entropy available)
[    1.902085] random: udevadm: uninitialized urandom read (16 bytes read, 3 bits of entropy available)
[    1.902297] random: udevadm: uninitialized urandom read (16 bytes read, 3 bits of entropy available)
[    1.902451] random: udevadm: uninitialized urandom read (16 bytes read, 3 bits of entropy available)
[    1.902550] random: udevadm: uninitialized urandom read (16 bytes read, 3 bits of entropy available)
[    1.902614] random: udevadm: uninitialized urandom read (16 bytes read, 3 bits of entropy available)
[    1.902686] random: udevadm: uninitialized urandom read (16 bytes read, 3 bits of entropy available)
[    2.008465] e1000: Intel(R) PRO/1000 Network Driver - version 7.3.21-k8-NAPI
[    2.017336] e1000: Copyright (c) 1999-2006 Intel Corporation.
[    2.030449] Fusion MPT base driver 3.04.20
[    2.032372] Copyright (c) 1999-2008 LSI Corporation
[    2.044168] Fusion MPT SPI Host driver 3.04.20
[    2.064220] AVX2 version of gcm_enc/dec engaged.
[    2.066995] AES CTR mode by8 optimization enabled
[    2.240820] input: ImExPS/2 Generic Explorer Mouse as /devices/platform/i8042/serio1/input/input4
[    2.457247] tsc: Refined TSC clocksource calibration: 2806.605 MHz
[    2.466425] clocksource: tsc: mask: 0xffffffffffffffff max_cycles: 0x2874a04a508, max_idle_ns: 440795324539 ns
[    2.586177] e1000 0000:00:03.0 eth0: (PCI:33MHz:32-bit) 02:a9:46:80:4d:77
[    2.590355] e1000 0000:00:03.0 eth0: Intel(R) PRO/1000 Network Connection
[    3.060314] e1000 0000:00:08.0 eth1: (PCI:33MHz:32-bit) 08:00:27:0e:13:29
[    3.062806] e1000 0000:00:08.0 eth1: Intel(R) PRO/1000 Network Connection
[    3.576933] e1000 0000:00:09.0 eth2: (PCI:33MHz:32-bit) 08:00:27:e7:95:c5
[    3.580582] e1000 0000:00:09.0 eth2: Intel(R) PRO/1000 Network Connection
[    4.080325] e1000 0000:00:0a.0 eth3: (PCI:33MHz:32-bit) 08:00:27:04:c9:c5
[    4.083821] e1000 0000:00:0a.0 eth3: Intel(R) PRO/1000 Network Connection
[    4.090582] e1000 0000:00:0a.0 enp0s10: renamed from eth3
[    4.093227] mptbase: ioc0: Initiating bringup
[    4.101811] e1000 0000:00:03.0 enp0s3: renamed from eth0
[    4.117098] e1000 0000:00:08.0 enp0s8: renamed from eth1
[    4.129851] e1000 0000:00:09.0 enp0s9: renamed from eth2
[    4.161352] ioc0: LSI53C1030 A0: Capabilities={Initiator}
[    4.336997] scsi host2: ioc0: LSI53C1030 A0, FwRev=00000000h, Ports=1, MaxQ=256, IRQ=20
[    4.454198] scsi 2:0:0:0: Direct-Access     VBOX     HARDDISK         1.0  PQ: 0 ANSI: 5
[    4.457998] scsi target2:0:0: Beginning Domain Validation
[    4.461341] scsi target2:0:0: Domain Validation skipping write tests
[    4.463103] scsi target2:0:0: Ending Domain Validation
[    4.486931] scsi target2:0:0: asynchronous
[    4.488886] scsi 2:0:1:0: Direct-Access     VBOX     HARDDISK         1.0  PQ: 0 ANSI: 5
[    4.491339] scsi target2:0:1: Beginning Domain Validation
[    4.494149] scsi target2:0:1: Domain Validation skipping write tests
[    4.495886] scsi target2:0:1: Ending Domain Validation
[    4.497437] scsi target2:0:1: asynchronous
[    4.506122] sd 2:0:0:0: Attached scsi generic sg0 type 0
[    4.508195] sd 2:0:1:0: Attached scsi generic sg1 type 0
[    4.508589] sd 2:0:0:0: [sda] 20971520 512-byte logical blocks: (10.7 GB/10.0 GiB)
[    4.518337] sd 2:0:1:0: [sdb] 20480 512-byte logical blocks: (10.5 MB/10.0 MiB)
[    4.521555] sd 2:0:0:0: [sda] Write Protect is off
[    4.523292] sd 2:0:0:0: [sda] Incomplete mode parameter data
[    4.525159] sd 2:0:0:0: [sda] Assuming drive cache: write through
[    4.526913] sd 2:0:1:0: [sdb] Write Protect is off
[    4.528904] sd 2:0:1:0: [sdb] Incomplete mode parameter data
[    4.530914] sd 2:0:1:0: [sdb] Assuming drive cache: write through
[    4.535680]  sda: sda1
[    4.544632] sd 2:0:1:0: [sdb] Attached SCSI disk
[    4.546078] sd 2:0:0:0: [sda] Attached SCSI disk
Begin: Loading e[    6.161477] md: linear personality registered for level -1
ssential drivers ... [    6.171221] md: multipath personality registered for level -4
[    6.176187] md: raid0 personality registered for level 0
[    6.183483] md: raid1 personality registered for level 1
[    6.265096] raid6: sse2x1   gen()  6207 MB/s
[    6.332929] raid6: sse2x1   xor()  5585 MB/s
[    6.401846] raid6: sse2x2   gen()  6478 MB/s
[    6.470019] raid6: sse2x2   xor()  6039 MB/s
[    6.537361] raid6: sse2x4   gen() 11668 MB/s
[    6.605783] raid6: sse2x4   xor()  8220 MB/s
[    6.674004] raid6: avx2x1   gen() 16775 MB/s
[    6.741350] raid6: avx2x2   gen() 18216 MB/s
[    6.809667] raid6: avx2x4   gen() 20958 MB/s
[    6.810984] raid6: using algorithm avx2x4 gen() 20958 MB/s
[    6.812536] raid6: using avx2x2 recovery algorithm
[    6.815545] xor: automatically using best checksumming function:
[    6.857023]    avx       : 19185.000 MB/sec
[    6.859792] async_tx: api initialized (async)
[    6.880768] md: raid6 personality registered for level 6
[    6.883170] md: raid5 personality registered for level 5
[    6.885039] md: raid4 personality registered for level 4
[    6.894829] md: raid10 personality registered for level 10
done.
Begin: Running /scripts/init-premount ... done.
Begin: Mounting root file system ... Begin: Running /scripts/local-top ... done.
Begin: Running /scripts/local-premount ... [    6.949267] Btrfs loaded
Scanning for Btrfs filesystems
done.
Warning: fsck not present, so skipping root file system
[    6.984491] EXT4-fs (sda1): mounted filesystem with ordered data mode. Opts: (null)
done.
Begin: Running /scripts/local-bottom ... done.
Begin: Running /scripts/init-bottom ... done.
[    7.097601] systemd[1]: systemd 229 running in system mode. (+PAM +AUDIT +SELINUX +IMA +APPARMOR +SMACK +SYSVINIT +UTMP +LIBCRYPTSETUP +GCRYPT +GNUTLS +ACL +XZ -LZ4 +SECCOMP +BLKID +ELFUTILS +KMOD -IDN)
[    7.106153] systemd[1]: Detected virtualization oracle.
[    7.107711] systemd[1]: Detected architecture x86-64.

Welcome to [1mUbuntu 16.04.5 LTS[0m!

[    7.112958] systemd[1]: Set hostname to <ubuntu>.
[    7.117441] systemd[1]: Initializing machine ID from random generator.
[    7.119487] systemd[1]: Installed transient /etc/machine-id file.
[    7.272699] systemd[1]: Listening on Journal Audit Socket.
[[0;32m  OK  [0m] Listening on Journal Audit Socket.
[    7.276269] systemd[1]: Reached target User and Group Name Lookups.
[[0;32m  OK  [0m] Reached target User and Group Name Lookups.
[    7.280181] systemd[1]: Listening on udev Kernel Socket.
[[0;32m  OK  [0m] Listening on udev Kernel Socket.
[    7.295872] systemd[1]: Set up automount Arbitrary Executable File Formats File System Automount Point.
[[0;32m  OK  [0m] Set up automount Arbitrary Executab...ats File System Automount Point.
[    7.301821] systemd[1]: Listening on udev Control Socket.
[[0;32m  OK  [0m] Listening on udev Control Socket.
[    7.306209] systemd[1]: Started Forward Password Requests to Wall Directory Watch.
[[0;32m  OK  [0m] Started Forward Password Requests to Wall Directory Watch.
[    7.312820] systemd[1]: Listening on LVM2 poll daemon socket.
[[0;32m  OK  [0m] Listening on LVM2 poll daemon socket.
[    7.323929] systemd[1]: Reached target System Time Synchronized.
[[0;32m  OK  [0m] Reached target System Time Synchronized.
[    7.327364] systemd[1]: Listening on /dev/initctl Compatibility Named Pipe.
[[0;32m  OK  [0m] Listening on /dev/initctl Compatibility Named Pipe.
[    7.331279] systemd[1]: Reached target Swap.
[[0;32m  OK  [0m] Reached target Swap.
[    7.334066] systemd[1]: Started Trigger resolvconf update for networkd DNS.
[[0;32m  OK  [0m] Started Trigger resolvconf update for networkd DNS.
[    7.338813] systemd[1]: Created slice System Slice.
[[0;32m  OK  [0m] Created slice System Slice.
[    7.342263] systemd[1]: Created slice system-serial\x2dgetty.slice.
[[0;32m  OK  [0m] Created slice system-serial\x2dgetty.slice.
[    7.346401] systemd[1]: Listening on Syslog Socket.
[[0;32m  OK  [0m] Listening on Syslog Socket.
[    7.359870] systemd[1]: Reached target Encrypted Volumes.
[[0;32m  OK  [0m] Reached target Encrypted Volumes.
[    7.395995] systemd[1]: Listening on LVM2 metadata daemon socket.
[[0;32m  OK  [0m] Listening on LVM2 metadata daemon socket.
[    7.399646] systemd[1]: Listening on Journal Socket.
[[0;32m  OK  [0m] Listening on Journal Socket.
[    7.421775] systemd[1]: Starting Load Kernel Modules...
         Starting Load Kernel Modules...
[    7.426422] systemd[1]: Starting Nameserver information manager...
         Starting Nameserver information manager...
[    7.435030] systemd[1]: Starting Uncomplicated firewall...
[    7.437156] Loading iSCSI transport class v2.0-870.
         Starting Uncomplicated firewall...
[    7.441050] systemd[1]: Mounting POSIX Message Queue File System...
         Mounting POSIX Message Queue File System...
[    7.447684] systemd[1]: Starting Remount Root and Kernel File Systems...
         Starting Remount Root and Kernel File Systems...
[    7.462919] systemd[1]: Mounting Huge Pages File System...
[    7.465953] EXT4-fs (sda1): re-mounted. Opts: (null)
[    7.469593] iscsi: registered transport (tcp)
         Mounting Huge Pages File System...
[    7.476770] systemd[1]: Starting Create list of required static device nodes for the current kernel...
         Starting Create list of required st... nodes for the current kernel...
[    7.492670] systemd[1]: Listening on Journal Socket (/dev/log).
[[0;32m  OK  [0m] Listening on Journal Socket (/dev/log).
[    7.525201] iscsi: registered transport (iser)
[    7.542266] systemd[1]: Starting Journal Service...
         Starting Journal Service...
[    7.553328] systemd[1]: Mounting Debug File System...
         Mounting Debug File System...
[    7.560359] systemd[1]: Created slice User and Session Slice.
[[0;32m  OK  [0m] Created slice User and Session Slice.
[    7.565356] systemd[1]: Reached target Slices.
[[0;32m  OK  [0m] Reached target Slices.
[    7.570559] systemd[1]: Starting Set console keymap...
         Starting Set console keymap...
[    7.574933] systemd[1]: Listening on Device-mapper event daemon FIFOs.
[[0;32m  OK  [0m] Listening on Device-mapper event daemon FIFOs.
[    7.621869] systemd[1]: Starting Monitoring of LVM2 mirrors, snapshots etc. using dmeventd or progress polling...
         Starting Monitoring of LVM2 mirrors... dmeventd or progress polling...
[    7.640876] systemd[1]: Mounted Huge Pages File System.
[[0;32m  OK  [0m] Mounted Huge Pages File System.
[    7.644525] systemd[1]: Mounted Debug File System.
[[0;32m  OK  [0m] Mounted Debug File System.
[    7.655847] systemd[1]: Mounted POSIX Message Queue File System.
[[0;32m  OK  [0m] Mounted POSIX Message Queue File System.
[    7.660361] systemd[1]: Started Journal Service.
[[0;32m  OK  [0m] Started Journal Service.
[[0;32m  OK  [0m] Started Load Kernel Modules.
[[0;32m  OK  [0m] Started Uncomplicated firewall.
[[0;32m  OK  [0m] Started Remount Root and Kernel File Systems.
[[0;32m  OK  [0m] Started Create list of required sta...ce nodes for the current kernel.
[[0;32m  OK  [0m] Started Nameserver information manager.
[[0;32m  OK  [0m] Started Set console keymap.
[[0;32m  OK  [0m] Started LVM2 metadata daemon.
         Starting Create Static Device Nodes in /dev...
         Starting udev Coldplug all Devices...
         Starting Load/Save Random Seed...
         Starting Apply Kernel V[    7.837230] random: nonblocking pool is initialized
ariables...
         Mounting FUSE Control File System...
         Starting Flush Journal to Persistent Storage...
[[0;32m  OK  [0m] Mounted FUSE Control File System.
[[0;32m  OK  [0m] Started Create Static Device Nodes in /dev.
[[0;32m  OK  [0m] Started Load/Save Random Seed.
[[0;32m  OK  [0m] Started Monitoring of LVM2 mirrors,...ng dmeventd or progress polling.
[[0;32m  OK  [0m] Started Apply Kernel Variables.
[[0;32m  OK  [0m] Started udev Coldplug all Devices.
[[0;32m  OK  [0m] Started Flush Journal to Persistent Storage.
         Starting udev Kernel Device Manager...
[[0;32m  OK  [0m] Reached target Local File Systems (Pre).
[[0;32m  OK  [0m] Reached target Local File Systems.
         Starting Commit a transient machine-id on disk...
         Starting Tell Plymouth To Write Out Runtime Data...
         Starting LSB: AppArmor initialization...
         Starting Set console font and keymap...
         Starting Initial cloud-init job (pre-networking)...
         Starting Create Volatile Files and Directories...
[[0;32m  OK  [0m] Started udev Kernel Device Manager.
[[0;32m  OK  [0m] Started Commit a transient machine-id on disk.
[[0;32m  OK  [0m] Started Tell Plymouth To Write Out Runtime Data.
[[0;32m  OK  [0m] Started Create Volatile Files and Directories.
         Starting Update UTMP about System Boot/Shutdown...
[[0;32m  OK  [0m] Started Dispatch Password Requests to Console Directory Watch.
[[0;32m  OK  [0m] Started Update UTMP about System Boot/Shutdown.
[[0;32m  OK  [0m] Found device /dev/ttyS0.
[[0;32m  OK  [0m] Listening on Load/Save RF Kill Switch Status /dev/rfkill Watch.
[   10.048259] cloud-init[475]: Cloud-init v. 18.4-0ubuntu1~16.04.2 running 'init-local' at Fri, 22 Mar 2019 13:03:09 +0000. Up 9.30 seconds.
[[0;32m  OK  [0m] Started Initial cloud-init job (pre-networking).
[[0;32m  OK  [0m] Reached target Network (Pre).
[[0;32m  OK  [0m] Started Set console font and keymap.
[[0;32m  OK  [0m] Created slice system-getty.slice.
[[0;32m  OK  [0m] Started LSB: AppArmor initialization.
         Starting Raise network interfaces...
[[0;32m  OK  [0m] Started Raise network interfaces.
[[0;32m  OK  [0m] Reached target Network.
         Starting Initial cloud-init job (metadata service crawler)...
[   13.334272] cloud-init[972]: Cloud-init v. 18.4-0ubuntu1~16.04.2 running 'init' at Fri, 22 Mar 2019 13:03:12 +0000. Up 12.23 seconds.
[   13.339161] cloud-init[972]: ci-info: +++++++++++++++++++++++++++++++++++++++Net device info+++++++++++++++++++++++++++++++++++++++
[   13.357999] cloud-init[972]: ci-info: +---------+-------+----------------------------+---------------+--------+-------------------+
[   13.363752] cloud-init[972]: ci-info: |  Device |   Up  |          Address           |      Mask     | Scope  |     Hw-Address    |
[   13.369737] cloud-init[972]: ci-info: +---------+-------+----------------------------+---------------+--------+-------------------+
[   13.396947] cloud-init[972]: ci-info: | enp0s10 | False |             .              |       .       |   .    | 08:00:27:04:c9:c5 |
[   13.430366] cloud-init[972]: ci-info: |  enp0s3 |  True |         10.0.2.15          | 255.255.255.0 | global | 02:a9:46:80:4d:77 |
[[   13.430797] cloud-init[972]: ci-info: |  enp0s3 |  True | fe80::a9:46ff:fe80:4d77/64 |       .       |  link  | 02:a9:46:80:4d:77 |
[0;32m  OK  [0m[   13.434185] cloud-init[972]: ci-info: |  enp0s8 | False |             .              |       .       |   .    | 08:00:27:0e:13:29 |
] [   13.437632] cloud-init[972]: ci-info: |  enp0s9 | False |             .              |       .       |   .    | 08:00:27:e7:95:c5 |
Started Initial cloud-init job (metadata service crawler).[   13.440413] cloud-init[972]: ci-info: |    lo   |  True |         127.0.0.1          |   255.0.0.0   |  host  |         .         |

[   13.444675] cloud-init[972]: ci-info: |    lo   |  True |          ::1/128           |       .       |  host  |         .         |
[   13.447256] cloud-init[972]: ci-info: +---------+-------+----------------------------+---------------+--------+-------------------+
[   13.447611] cloud-init[972]: ci-info: +++++++++++++++++++++++++++Route IPv4 info++++++++++++++++++++++++++++
[   13.447972] cloud-init[972]: ci-info: +-------+-------------+----------+---------------+-----------+-------+
[   13.448722] cloud-init[972]: ci-info: | Route | Destination | Gateway  |    Genmask    | Interface | Flags |
[   13.449083] cloud-init[972]: ci-info: +-------+-------------+----------+---------------+-----------+-------+
[   13.449480] cloud-init[972]: ci-info: |   0   |   0.0.0.0   | 10.0.2.2 |    0.0.0.0    |   enp0s3  |   UG  |
[   13.449832] cloud-init[972]: ci-info: |   1   |   10.0.2.0  | 0.0.0.0  | 255.255.255.0 |   enp0s3  |   U   |
[   13.450198] cloud-init[972]: ci-info: +-------+-------------+----------+---------------+-----------+-------+
[   13.450580] cloud-init[972]: ci-info: +++++++++++++++++++Route IPv6 info+++++++++++++++++++
[   13.450944] cloud-init[972]: ci-info: +-------+-------------+---------+-----------+-------+
[   13.451329] cloud-init[972]: ci-info: | Route | Destination | Gateway | Interface | Flags |
[   13.503029] cloud-init[972]: ci-info: +-------+-------------+---------+-----------+-------+
[[   13.503588] cloud-init[972]: ci-info: |   0   |  fe80::/64  |    ::   |   enp0s3  |   U   |
[0;32m  OK  [0m[   13.506255] cloud-init[972]: ci-info: |   3   |   ff00::/8  |    ::   |   enp0s3  |   U   |
] [   13.509138] cloud-init[972]: ci-info: +-------+-------------+---------+-----------+-------+
Reached target System Initialization.[   13.511225] cloud-init[972]: Generating public/private rsa key pair.

[   13.514573] cloud-init[972]: Your identification has been saved in /etc/ssh/ssh_host_rsa_key.
[   13.516806] cloud-init[972]: Your public key has been saved in /etc/ssh/ssh_host_rsa_key.pub.
[   13.517114] cloud-init[972]: The key fingerprint is:
[   13.517487] cloud-init[972]: SHA256:zcftsz91wfVO2P55gNP9Gh6CmamkK1zSYO+hlTKXiOM root@ubuntu-xenial
[   13.517870] cloud-init[972]: The key's randomart image is:
[   13.518223] cloud-init[972]: +---[RSA 2048]----+
[   13.518539] cloud-init[972]: |                 |
[   13.518889] cloud-init[972]: |                .|
[   13.519246] cloud-init[972]: |              .oo|
[   13.519652] cloud-init[972]: |    o    o . ..o+|
[   13.520162] cloud-init[972]: |   o = oS o oo.=.|
[   13.520546] cloud-init[972]: |  o = X    *o.o *|
[   13.521047] cloud-init[972]: | . o X .. = ..=.*|
[   13.521508] cloud-init[972]: |  E + .o .   o B+|
[   13.521954] cloud-init[972]: |     .o..     +o+|
[   13.522354] cloud-init[972]: +----[SHA256]-----+
[   13.522788] cloud-init[972]: Generating public/private dsa key pair.
[   13.523198] cloud-init[972]: Your identification has been saved in /etc/ssh/ssh_host_dsa_key.
[   13.523628] cloud-init[972]: Your public key has been saved in /etc/ssh/ssh_host_dsa_key.pub.
[   13.523928] cloud-init[972]: The key fingerprint is:
[   13.525026] cloud-init[972]: SHA256:fSifC4VE5lOxv4EQg1ZdmOUrRWUE0m6NkVklDKQSdic root@ubuntu-xenial
[   13.525410] cloud-init[972]: The key's randomart image is:
[   13.525809] cloud-init[972]: +---[DSA 1024]----+
[   13.526193] cloud-init[972]: |       oO.EOOX*..|
[   13.526965] cloud-init[972]: |      o= *+O=... |
[   13.527394] cloud-init[972]: |     .  * o.o+   |
[   13.527735] cloud-init[972]: |       . * =+..  |
[   13.528514] cloud-init[972]: |        S *.=    |
[   13.528688] cloud-init[972]: |         + + o   |
[   13.528738] cloud-init[972]: |        . o .    |
         Starting LXD - unix socket.[   13.585794] cloud-init[972]: |         . .     |

[   13.586650] cloud-init[972]: |          .      |
[   13.588171] cloud-init[972]: +----[SHA256]-----+
[   13.588449] cloud-init[972]: Generating public/private ecdsa key pair.
[   13.588735] cloud-init[972]: Your identification has been saved in /etc/ssh/ssh_host_ecdsa_key.
[   13.590388]          cloud-init[972]: Your public key has been saved in /etc/ssh/ssh_host_ecdsa_key.pub.
Starting Socket activation for snappy daemon.[   13.607089] cloud-init[972]: The key fingerprint is:

[   13.610039] cloud-init[972]: SHA256:G1PFpgf7otfs2grSZ+pctXb+Jj/LBWNz6+X1/IXWJ7M root@ubuntu-xenial
[   13.611836] cloud-init[972]: The key's randomart image is:
[   13.612503] cloud-init[972]: +---[ECDSA 256]---+
[   13.612863] cloud-init[972]: |           ..    |
[   13.613283] cloud-init[972]: |          ..o    |
[   13.613650] cloud-init[972]: |          .=     |
[   13.614016] cloud-init[972]: |         .o .    |
[   13.614399] cloud-init[972]: |        S  o. = .|
[   13.614674] cloud-init[972]: |       . +...o B.|
[[   13.661440] cloud-init[972]: |      . +.++o *.B|
[0;32m  OK  [0m[   13.662625] cloud-init[972]: |       o.*.oo++BO|
] [   13.664571] cloud-init[972]: |       .+.o+o EO@|
Listening on ACPID Listen Socket.[   13.665503] cloud-init[972]: +----[SHA256]-----+

[   13.667298] cloud-init[972]: Generating public/private ed25519 key pair.
[   13.668652] cloud-init[972]: Your identification has been saved in /etc/ssh/ssh_host_ed25519_key.
[   13.669036] cloud-init[972]: Your public key has been saved in /etc/ssh/ssh_host_ed25519_key.pub.
[   13.675177] cloud-init[972]: The key fingerprint is:
[   13.675514] cloud-init[972]: SHA256:qVBXUHWYKXIPFwCbtHpCWSGigmH4jHj3DJHCLlXcYPQ root@ubuntu-xenial
[   13.676701] cloud-init[972]: The key's randomart image is:
[   13.677095] cloud-init[972]: +--[ED25519 256]--+
[   13.677460] cloud-init[972]: |oo +*+. *=+oo=.  |
[   13.677880] cloud-init[972]: |+.+o+o.=.=+ =.   |
[   13.678253] cloud-init[972]: |+*.. .E =o =     |
[   13.678619] cloud-init[972]: |+.= oo o .  .    |
[   13.679011] cloud-init[972]: | o ..+o S        |
[   13.679393] cloud-init[972]: |     .o+         |
[   13.679812] cloud-init[972]: |      .          |
[   13.680549] cloud-init[972]: |                 |
[[   13.680877] cloud-init[972]: |                 |
[0;32m  OK  [0m[   13.736429] cloud-init[972]: +----[SHA256]-----+
] Started Daily Cleanup of Temporary Directories.
[[0;32m  OK  [0m] Listening on UUID daemon activation socket.
[[0;32m  OK  [0m] Started Daily apt download activities.
[[0;32m  OK  [0m] Started Daily apt upgrade and clean activities.
[[0;32m  OK  [0m] Reached target Timers.
[[0;32m  OK  [0m] Started ACPI Events Check.
[[0;32m  OK  [0m] Reached target Paths.
[[0;32m  OK  [0m] Listening on D-Bus System Message Bus Socket.
[[0;32m  OK  [0m] Reached target Cloud-config availability.
[[0;32m  OK  [0m] Reached target Network is Online.
         Starting iSCSI initiator daemon (iscsid)...
[[0;32m  OK  [0m] Listening on LXD - unix socket.
[[0;32m  OK  [0m] Listening on Socket activation for snappy daemon.
[[0;32m  OK  [0m] Reached target Sockets.
[[0;32m  OK  [0m] Reached target Basic System.
         Starting Accounts Service...
         Starting LSB: MD monitoring daemon...
         Starting Login Service...
[[0;32m  OK  [0m] Started D-Bus System Message Bus.
[[0;32m  OK  [0m] Started Regular background program processing daemon.
[[0;32m  OK  [0m] Started FUSE filesystem for LXC.
         Starting LSB: Record successful boot for GRUB...
[[0;32m  OK  [0m] Started ACPI event daemon.
[[0;32m  OK  [0m] Started Deferred execution scheduler.
[[0;32m  OK  [0m] Started Unattended Upgrades Shutdown.
         Starting Virtualbox guest utils...
         Starting Pollinate to seed the pseudo random number generator...
         Starting Snappy daemon...
         Starting System Logging Service...
         Starting /etc/rc.local Compatibility...
         Starting LXD - container startup/shutdown...
[[0;32m  OK  [0m] Started System Logging Service.
[[0;32m  OK  [0m] Started /etc/rc.local Compatibility.
[[0;32m  OK  [0m] Started iSCSI initiator daemon (iscsid).
[[0;32m  OK  [0m] Started LSB: MD monitoring daemon.
[[0;32m  OK  [0m] Started Login Service.
         Starting Authenticate and Authorize Users to Run Privileged Tasks...
         Starting Login to default iSCSI targets...
[[0;32m  OK  [0m] Started Snappy daemon.
[[0;32m  OK  [0m] Started LSB: Record successful boot for GRUB.
[[0;32m  OK  [0m] Started Virtualbox guest utils.
[[0;32m  OK  [0m] Started LXD - container startup/shutdown.
[[0;32m  OK  [0m] Started Authenticate and Authorize Users to Run Privileged Tasks.
[[0;32m  OK  [0m] Started Accounts Service.
         Starting Wait until snapd is fully seeded...
[[0;32m  OK  [0m] Started Login to default iSCSI targets.
[[0;32m  OK  [0m] Reached target Remote File Systems (Pre).
[[0;32m  OK  [0m] Reached target Remote File Systems.
         Starting Permit User Sessions...
         Starting LSB: automatic crash report generation...
         Starting LSB: Set the CPU Frequency Scaling governor to "ondemand"...
         Starting LSB: daemon to balance interrupts for SMP systems...
[[0;32m  OK  [0m] Started Permit User Sessions.
         Starting Terminate Plymouth Boot Screen...
         Starting Hold until boot process finishes up...
[[0;32m  OK  [0m] Started Pollinate to seed the pseudo random number generator.
[[0;32m  OK  [0m] Started LSB: automatic crash report generation.
[[0;32m  OK  [0m] Started LSB: Set the CPU Frequency Scaling governor to "ondemand".
[[0;32m  OK  [0m] Started Terminate Plymouth Boot Screen.
[[0;32m  OK  [0m] Started Hold until boot process finishes up.
[[0;32m  OK  [0m] Started LSB: daemon to balance interrupts for SMP systems.
[[0;32m  OK  [0m] Started Getty on tty1.
[[0;32m  OK  [0m] Started Serial Getty on ttyS0.
[[0;32m  OK  [0m] Reached target Login Prompts.
         Starting Set console scheme...
         Starting OpenBSD Secure Shell server...
[[0;32m  OK  [0m] Started Set console scheme.
[[0;32m  OK  [0m] Started OpenBSD Secure Shell server.
[[0;32m  OK  [0m] Started Wait until snapd is fully seeded.
[[0;32m  OK  [0m] Reached target Multi-User System.
[[0;32m  OK  [0m] Reached target Graphical Interface.
         Starting Update UTMP about System Runlevel Changes...
         Starting Apply the settings specified in cloud-config...
[[0;32m  OK  [0m] Started Update UTMP about System Runlevel Changes.
[[0;32m  OK  [0m] Created slice User Slice of vagrant.
         Starting User Manager for UID 1000...
[[0;32m  OK  [0m] Started Session 1 of user vagrant.
[[0;32m  OK  [0m] Started User Manager for UID 1000.
[   16.173539] cloud-init[1298]: Generating locales (this might take a while)...
[   17.627638] cloud-init[1298]:   en_US.UTF-8... done
[   17.629778] cloud-init[1298]: Generation complete.
[   18.072992] cloud-init[1298]: Cloud-init v. 18.4-0ubuntu1~16.04.2 running 'modules:config' at Fri, 22 Mar 2019 13:03:16 +0000. Up 15.96 seconds.
[[0;32m  OK  [0m] Started Apply the settings specified in cloud-config.
         Starting Execute cloud user/final scripts...
ci-info: no authorized ssh keys fingerprints found for user ubuntu.
<14>Mar 22 13:03:19 ec2: 
<14>Mar 22 13:03:19 ec2: #############################################################
<14>Mar 22 13:03:19 ec2: -----BEGIN SSH HOST KEY FINGERPRINTS-----
<14>Mar 22 13:03:19 ec2: 1024 SHA256:fSifC4VE5lOxv4EQg1ZdmOUrRWUE0m6NkVklDKQSdic root@ubuntu-xenial (DSA)
<14>Mar 22 13:03:19 ec2: 256 SHA256:G1PFpgf7otfs2grSZ+pctXb+Jj/LBWNz6+X1/IXWJ7M root@ubuntu-xenial (ECDSA)
<14>Mar 22 13:03:19 ec2: 256 SHA256:qVBXUHWYKXIPFwCbtHpCWSGigmH4jHj3DJHCLlXcYPQ root@ubuntu-xenial (ED25519)
<14>Mar 22 13:03:19 ec2: 2048 SHA256:zcftsz91wfVO2P55gNP9Gh6CmamkK1zSYO+hlTKXiOM root@ubuntu-xenial (RSA)
<14>Mar 22 13:03:19 ec2: -----END SSH HOST KEY FINGERPRINTS-----
<14>Mar 22 13:03:19 ec2: #############################################################
-----BEGIN SSH HOST KEY KEYS-----
ecdsa-sha2-nistp256 AAAAE2VjZHNhLXNoYTItbmlzdHAyNTYAAAAIbmlzdHAyNTYAAABBBADEqARWvWFo82nq4vJ577mJ9vDE6aaRrCW8TAUrY44N7KCqkLgs6a+p1RQWpJKINuCjY6a1iU/okfxymv/eNJY= root@ubuntu-xenial
ssh-ed25519 AAAAC3NzaC1lZDI1NTE5AAAAIOc8/m0/41dSgDbtBYbYxndVrKbmr9KpCBL91ZMoWah5 root@ubuntu-xenial
ssh-rsa AAAAB3NzaC1yc2EAAAADAQABAAABAQDXORKlvnR49IP+C4MjOivyfcg85YDt9qjJIcw22bv2ftSIdQjMeYO0+w9G+en3tpj0FicJvdvs31mwxi7MhFfcj36n95Gduvy6Bh9K+gmSlgbLNuqWIMETthh1NqUs3Mpy0l2CkXeOB8zXhVF1xdtWE573KX3+Ss//7lxcG/+wqLiB3n1+F5WlFpppRxy8aC+yO6QYcjjibVJbsqCo7mJbgBjnQilx+YR/2shno0/I/IcSEvb0XF+pxyatWwJ1iJ7V07kzhyN+3Ww/zIzph8tG1hDjPkGIaUMSI/BPqWrXme9e6dzLSNxBqsFkU2YDtusryi3Hz+UTOSIGYrxvM3It root@ubuntu-xenial
-----END SSH HOST KEY KEYS-----
[   18.943032] cloud-init[1462]: Cloud-init v. 18.4-0ubuntu1~16.04.2 running 'modules:final' at Fri, 22 Mar 2019 13:03:19 +0000. Up 18.69 seconds.
[   18.948000] cloud-init[1462]: ci-info: no authorized ssh keys fingerprints found for user ubuntu.
[   18.950756] cloud-init[1462]: Cloud-init v. 18.4-0ubuntu1~16.04.2 finished at Fri, 22 Mar 2019 13:03:19 +0000. Datasource DataSourceNoCloud [seed=/dev/sdb][dsmode=net].  Up 18.93 seconds
[[0;32m  OK  [0m] Started Execute cloud user/final scripts.
[[0;32m  OK  [0m] Reached target Cloud-init target.

Ubuntu 16.04.5 LTS ubuntu-xenial ttyS0

ubuntu-xenial login: 