[    0.000000] Initializing cgroup subsys cpuset
[    0.000000] Initializing cgroup subsys cpu
[    0.000000] Initializing cgroup subsys cpuacct
[    0.000000] Linux version 4.4.0-142-generic (buildd@lgw01-amd64-033) (gcc version 5.4.0 20160609 (Ubuntu 5.4.0-6ubuntu1~16.04.10) ) #168-Ubuntu SMP Wed Jan 16 21:00:45 UTC 2019 (Ubuntu 4.4.0-142.168-generic 4.4.167)
[    0.000000] Command line: BOOT_IMAGE=/boot/vmlinuz-4.4.0-142-generic root=LABEL=cloudimg-rootfs ro console=tty1 console=ttyS0
[    0.000000] KERNEL supported cpus:
[    0.000000]   Intel GenuineIntel
[    0.000000]   AMD AuthenticAMD
[    0.000000]   Centaur CentaurHauls
[    0.000000] x86/fpu: xstate_offset[2]:  576, xstate_sizes[2]:  256
[    0.000000] x86/fpu: Supporting XSAVE feature 0x01: 'x87 floating point registers'
[    0.000000] x86/fpu: Supporting XSAVE feature 0x02: 'SSE registers'
[    0.000000] x86/fpu: Supporting XSAVE feature 0x04: 'AVX registers'
[    0.000000] x86/fpu: Enabled xstate features 0x7, context size is 832 bytes, using 'standard' format.
[    0.000000] e820: BIOS-provided physical RAM map:
[    0.000000] BIOS-e820: [mem 0x0000000000000000-0x000000000009fbff] usable
[    0.000000] BIOS-e820: [mem 0x000000000009fc00-0x000000000009ffff] reserved
[    0.000000] BIOS-e820: [mem 0x00000000000f0000-0x00000000000fffff] reserved
[    0.000000] BIOS-e820: [mem 0x0000000000100000-0x000000003ffeffff] usable
[    0.000000] BIOS-e820: [mem 0x000000003fff0000-0x000000003fffffff] ACPI data
[    0.000000] BIOS-e820: [mem 0x00000000fec00000-0x00000000fec00fff] reserved
[    0.000000] BIOS-e820: [mem 0x00000000fee00000-0x00000000fee00fff] reserved
[    0.000000] BIOS-e820: [mem 0x00000000fffc0000-0x00000000ffffffff] reserved
[    0.000000] NX (Execute Disable) protection: active
[    0.000000] SMBIOS 2.5 present.
[    0.000000] Hypervisor detected: KVM
[    0.000000] e820: last_pfn = 0x3fff0 max_arch_pfn = 0x400000000
[    0.000000] MTRR: Disabled
[    0.000000] x86/PAT: MTRRs disabled, skipping PAT initialization too.
[    0.000000] CPU MTRRs all blank - virtualized system.
[    0.000000] x86/PAT: Configuration [0-7]: WB  WT  UC- UC  WB  WT  UC- UC  
[    0.000000] found SMP MP-table at [mem 0x0009fff0-0x0009ffff] mapped at [ffff88000009fff0]
[    0.000000] Scanning 1 areas for low memory corruption
[    0.000000] RAMDISK: [mem 0x3630a000-0x3717cfff]
[    0.000000] ACPI: Early table checksum verification disabled
[    0.000000] ACPI: RSDP 0x00000000000E0000 000024 (v02 VBOX  )
[    0.000000] ACPI: XSDT 0x000000003FFF0030 00003C (v01 VBOX   VBOXXSDT 00000001 ASL  00000061)
[    0.000000] ACPI: FACP 0x000000003FFF00F0 0000F4 (v04 VBOX   VBOXFACP 00000001 ASL  00000061)
[    0.000000] ACPI: DSDT 0x000000003FFF0470 0021FF (v02 VBOX   VBOXBIOS 00000002 INTL 20100528)
[    0.000000] ACPI: FACS 0x000000003FFF0200 000040
[    0.000000] ACPI: FACS 0x000000003FFF0200 000040
[    0.000000] ACPI: APIC 0x000000003FFF0240 00005C (v02 VBOX   VBOXAPIC 00000001 ASL  00000061)
[    0.000000] ACPI: SSDT 0x000000003FFF02A0 0001CC (v01 VBOX   VBOXCPUT 00000002 INTL 20100528)
[    0.000000] No NUMA configuration found
[    0.000000] Faking a node at [mem 0x0000000000000000-0x000000003ffeffff]
[    0.000000] NODE_DATA(0) allocated [mem 0x3ffeb000-0x3ffeffff]
[    0.000000] kvm-clock: Using msrs 4b564d01 and 4b564d00
[    0.000000] kvm-clock: cpu 0, msr 0:3ffe3001, primary cpu clock
[    0.000000] kvm-clock: using sched offset of 3589462962 cycles
[    0.000000] clocksource: kvm-clock: mask: 0xffffffffffffffff max_cycles: 0x1cd42e4dffb, max_idle_ns: 881590591483 ns
[    0.000000] Zone ranges:
[    0.000000]   DMA      [mem 0x0000000000001000-0x0000000000ffffff]
[    0.000000]   DMA32    [mem 0x0000000001000000-0x000000003ffeffff]
[    0.000000]   Normal   empty
[    0.000000]   Device   empty
[    0.000000] Movable zone start for each node
[    0.000000] Early memory node ranges
[    0.000000]   node   0: [mem 0x0000000000001000-0x000000000009efff]
[    0.000000]   node   0: [mem 0x0000000000100000-0x000000003ffeffff]
[    0.000000] Initmem setup node 0 [mem 0x0000000000001000-0x000000003ffeffff]
[    0.000000] ACPI: PM-Timer IO Port: 0x4008
[    0.000000] IOAPIC[0]: apic_id 2, version 32, address 0xfec00000, GSI 0-23
[    0.000000] ACPI: INT_SRC_OVR (bus 0 bus_irq 0 global_irq 2 dfl dfl)
[    0.000000] ACPI: INT_SRC_OVR (bus 0 bus_irq 9 global_irq 9 low level)
[    0.000000] Using ACPI (MADT) for SMP configuration information
[    0.000000] smpboot: Allowing 2 CPUs, 0 hotplug CPUs
[    0.000000] PM: Registered nosave memory: [mem 0x00000000-0x00000fff]
[    0.000000] PM: Registered nosave memory: [mem 0x0009f000-0x0009ffff]
[    0.000000] PM: Registered nosave memory: [mem 0x000a0000-0x000effff]
[    0.000000] PM: Registered nosave memory: [mem 0x000f0000-0x000fffff]
[    0.000000] e820: [mem 0x40000000-0xfebfffff] available for PCI devices
[    0.000000] Booting paravirtualized kernel on KVM
[    0.000000] clocksource: refined-jiffies: mask: 0xffffffff max_cycles: 0xffffffff, max_idle_ns: 7645519600211568 ns
[    0.000000] setup_percpu: NR_CPUS:512 nr_cpumask_bits:512 nr_cpu_ids:2 nr_node_ids:1
[    0.000000] PERCPU: Embedded 34 pages/cpu @ffff88003fc00000 s99480 r8192 d31592 u1048576
[    0.000000] Built 1 zonelists in Node order, mobility grouping on.  Total pages: 257912
[    0.000000] Policy zone: DMA32
[    0.000000] Kernel command line: BOOT_IMAGE=/boot/vmlinuz-4.4.0-142-generic root=LABEL=cloudimg-rootfs ro console=tty1 console=ttyS0
[    0.000000] PID hash table entries: 4096 (order: 3, 32768 bytes)
[    0.000000] Memory: 997736K/1048120K available (8603K kernel code, 1332K rwdata, 4004K rodata, 1484K init, 1316K bss, 50384K reserved, 0K cma-reserved)
[    0.000000] SLUB: HWalign=64, Order=0-3, MinObjects=0, CPUs=2, Nodes=1
[    0.000000] Kernel/User page tables isolation: enabled
[    0.000000] Hierarchical RCU implementation.
[    0.000000] 	Build-time adjustment of leaf fanout to 64.
[    0.000000] 	RCU restricting CPUs from NR_CPUS=512 to nr_cpu_ids=2.
[    0.000000] RCU: Adjusting geometry for rcu_fanout_leaf=64, nr_cpu_ids=2
[    0.000000] NR_IRQS:33024 nr_irqs:440 16
[    0.000000] Console: colour VGA+ 80x25
[    0.000000] console [tty1] enabled
[    0.000000] console [ttyS0] enabled
[    0.000000] tsc: Detected 2808.002 MHz processor
[    0.224156] Calibrating delay loop (skipped) preset value.. 5616.00 BogoMIPS (lpj=11232008)
[    0.227079] pid_max: default: 32768 minimum: 301
[    0.228469] ACPI: Core revision 20150930
[    0.231851] ACPI: 2 ACPI AML tables successfully acquired and loaded
[    0.233784] Security Framework initialized
[    0.235536] Yama: becoming mindful.
[    0.236767] AppArmor: AppArmor initialized
[    0.238136] Dentry cache hash table entries: 131072 (order: 8, 1048576 bytes)
[    0.241884] Inode-cache hash table entries: 65536 (order: 7, 524288 bytes)
[    0.243862] Mount-cache hash table entries: 2048 (order: 2, 16384 bytes)
[    0.248940] Mountpoint-cache hash table entries: 2048 (order: 2, 16384 bytes)
[    0.251101] Initializing cgroup subsys io
[    0.252337] Initializing cgroup subsys memory
[    0.253649] Initializing cgroup subsys devices
[    0.255232] Initializing cgroup subsys freezer
[    0.256622] Initializing cgroup subsys net_cls
[    0.257951] Initializing cgroup subsys perf_event
[    0.259347] Initializing cgroup subsys net_prio
[    0.260687] Initializing cgroup subsys hugetlb
[    0.262019] Initializing cgroup subsys pids
[    0.265138] mce: CPU supports 0 MCE banks
[    0.266462] Last level iTLB entries: 4KB 64, 2MB 8, 4MB 8
[    0.268040] Last level dTLB entries: 4KB 64, 2MB 0, 4MB 0, 1GB 4
[    0.269658] Spectre V2 : Mitigation: Full generic retpoline
[    0.271248] Spectre V2 : Spectre v2 / SpectreRSB mitigation: Filling RSB on context switch
[    0.273701] Speculative Store Bypass: Vulnerable
[    0.278750] Freeing SMP alternatives memory: 32K
[    0.287367] ftrace: allocating 32277 entries in 127 pages
[    0.366706] smpboot: APIC(0) Converting physical 0 to logical package 0
[    0.368592] smpboot: Max logical packages: 1
[    0.370425] x2apic enabled
[    0.371804] Switched APIC routing to physical x2apic.
[    0.375106] ..TIMER: vector=0x30 apic1=0 pin1=2 apic2=-1 pin2=-1
[    0.483431] smpboot: CPU0: Intel(R) Core(TM) i7-6600U CPU @ 2.60GHz (family: 0x6, model: 0x4e, stepping: 0x3)
[    0.486978] Performance Events: unsupported p6 CPU model 78 no PMU driver, software events only.
[    0.500197] KVM setup paravirtual spinlock
[    0.502253] x86: Booting SMP configuration:
[    0.503549] .... node  #0, CPUs:      #1
[    0.505087] kvm-clock: cpu 1, msr 0:3ffe3041, secondary cpu clock
[    0.509304] mce: CPU supports 0 MCE banks
[    0.512171] x86: Booted up 1 node, 2 CPUs
[    0.513788] smpboot: Total of 2 processors activated (11232.00 BogoMIPS)
[    0.516368] devtmpfs: initialized
[    0.519959] evm: security.selinux
[    0.521076] evm: security.SMACK64
[    0.522172] evm: security.SMACK64EXEC
[    0.523315] evm: security.SMACK64TRANSMUTE
[    0.524856] evm: security.SMACK64MMAP
[    0.526072] evm: security.ima
[    0.527108] evm: security.capability
[    0.528524] clocksource: jiffies: mask: 0xffffffff max_cycles: 0xffffffff, max_idle_ns: 7645041785100000 ns
[    0.531266] futex hash table entries: 512 (order: 3, 32768 bytes)
[    0.533121] pinctrl core: initialized pinctrl subsystem
[    0.534796] RTC time: 22:28:28, date: 03/21/19
[    0.536430] NET: Registered protocol family 16
[    0.547786] cpuidle: using governor ladder
[    0.559496] cpuidle: using governor menu
[    0.560778] PCCT header not found.
[    0.561971] ACPI: bus type PCI registered
[    0.563250] acpiphp: ACPI Hot Plug PCI Controller Driver version: 0.5
[    0.565488] PCI: Using configuration type 1 for base access
[    0.579707] ACPI: Added _OSI(Module Device)
[    0.581018] ACPI: Added _OSI(Processor Device)
[    0.582350] ACPI: Added _OSI(3.0 _SCP Extensions)
[    0.583749] ACPI: Added _OSI(Processor Aggregator Device)
[    0.586622] ACPI: Executed 1 blocks of module-level executable AML code
[    0.591496] ACPI: Interpreter enabled
[    0.592758] ACPI: (supports S0 S5)
[    0.593870] ACPI: Using IOAPIC for interrupt routing
[    0.595908] PCI: Using host bridge windows from ACPI; if necessary, use "pci=nocrs" and report a bug
[    0.603337] ACPI: PCI Root Bridge [PCI0] (domain 0000 [bus 00-ff])
[    0.605451] acpi PNP0A03:00: _OSC: OS supports [ASPM ClockPM Segments MSI]
[    0.607654] acpi PNP0A03:00: _OSC: not requesting OS control; OS requires [ExtendedConfig ASPM ClockPM MSI]
[    0.610437] acpi PNP0A03:00: fail to add MMCONFIG information, can't access extended PCI configuration space under this bridge.
[    0.614029] PCI host bridge to bus 0000:00
[    0.615465] pci_bus 0000:00: root bus resource [io  0x0000-0x0cf7 window]
[    0.617347] pci_bus 0000:00: root bus resource [io  0x0d00-0xffff window]
[    0.619210] pci_bus 0000:00: root bus resource [mem 0x000a0000-0x000bffff window]
[    0.621510] pci_bus 0000:00: root bus resource [mem 0x40000000-0xfdffffff window]
[    0.623799] pci_bus 0000:00: root bus resource [bus 00-ff]
[    0.629744] pci 0000:00:01.1: legacy IDE quirk: reg 0x10: [io  0x01f0-0x01f7]
[    0.631627] pci 0000:00:01.1: legacy IDE quirk: reg 0x14: [io  0x03f6]
[    0.633387] pci 0000:00:01.1: legacy IDE quirk: reg 0x18: [io  0x0170-0x0177]
[    0.635576] pci 0000:00:01.1: legacy IDE quirk: reg 0x1c: [io  0x0376]
[    0.652561] pci 0000:00:07.0: quirk: [io  0x4000-0x403f] claimed by PIIX4 ACPI
[    0.655133] pci 0000:00:07.0: quirk: [io  0x4100-0x410f] claimed by PIIX4 SMB
[    0.687255] ACPI: PCI Interrupt Link [LNKA] (IRQs 5 9 10 *11)
[    0.689749] ACPI: PCI Interrupt Link [LNKB] (IRQs 5 9 *10 11)
[    0.692035] ACPI: PCI Interrupt Link [LNKC] (IRQs 5 *9 10 11)
[    0.694401] ACPI: PCI Interrupt Link [LNKD] (IRQs 5 9 10 *11)
[    0.696874] ACPI: Enabled 2 GPEs in block 00 to 07
[    0.698667] vgaarb: setting as boot device: PCI:0000:00:02.0
[    0.700288] vgaarb: device added: PCI:0000:00:02.0,decodes=io+mem,owns=io+mem,locks=none
[    0.702734] vgaarb: loaded
[    0.703785] vgaarb: bridge control possible 0000:00:02.0
[    0.705921] SCSI subsystem initialized
[    0.707322] ACPI: bus type USB registered
[    0.708601] usbcore: registered new interface driver usbfs
[    0.710156] usbcore: registered new interface driver hub
[    0.711694] usbcore: registered new device driver usb
[    0.715338] PCI: Using ACPI for IRQ routing
[    0.717158] NetLabel: Initializing
[    0.718277] NetLabel:  domain hash size = 128
[    0.719679] NetLabel:  protocols = UNLABELED CIPSOv4
[    0.721133] NetLabel:  unlabeled traffic allowed by default
[    0.722917] amd_nb: Cannot enumerate AMD northbridges
[    0.724598] clocksource: Switched to clocksource kvm-clock
[    0.736709] AppArmor: AppArmor Filesystem Enabled
[    0.738184] pnp: PnP ACPI init
[    0.740237] pnp: PnP ACPI: found 3 devices
[    0.752186] clocksource: acpi_pm: mask: 0xffffff max_cycles: 0xffffff, max_idle_ns: 2085701024 ns
[    0.755071] NET: Registered protocol family 2
[    0.756670] TCP established hash table entries: 8192 (order: 4, 65536 bytes)
[    0.758528] TCP bind hash table entries: 8192 (order: 5, 131072 bytes)
[    0.760281] TCP: Hash tables configured (established 8192 bind 8192)
[    0.762038] UDP hash table entries: 512 (order: 2, 16384 bytes)
[    0.763679] UDP-Lite hash table entries: 512 (order: 2, 16384 bytes)
[    0.765927] NET: Registered protocol family 1
[    0.767283] pci 0000:00:00.0: Limiting direct PCI/PCI transfers
[    0.768954] pci 0000:00:01.0: Activating ISA DMA hang workarounds
[    0.770773] Unpacking initramfs...
[    1.055362] Freeing initrd memory: 14796K
[    1.056948] platform rtc_cmos: registered platform RTC device (no PNP device found)
[    1.059274] Scanning for low memory corruption every 60 seconds
[    1.061393] audit: initializing netlink subsys (disabled)
[    1.062942] audit: type=2000 audit(1553207313.331:1): initialized
[    1.065230] Initialise system trusted keyring
[    1.066823] HugeTLB registered 2 MB page size, pre-allocated 0 pages
[    1.070237] zbud: loaded
[    1.071608] VFS: Disk quotas dquot_6.6.0
[    1.072868] VFS: Dquot-cache hash table entries: 512 (order 0, 4096 bytes)
[    1.075346] squashfs: version 4.0 (2009/01/31) Phillip Lougher
[    1.077440] fuse init (API version 7.23)
[    1.078873] Key type big_key registered
[    1.080091] Allocating IMA MOK and blacklist keyrings.
[    1.084068] Key type asymmetric registered
[    1.085690] Asymmetric key parser 'x509' registered
[    1.087530] Block layer SCSI generic (bsg) driver version 0.4 loaded (major 249)
[    1.089938] io scheduler noop registered
[    1.091138] io scheduler deadline registered (default)
[    1.092614] io scheduler cfq registered
[    1.094023] pci_hotplug: PCI Hot Plug PCI Core version: 0.5
[    1.095777] pciehp: PCI Express Hot Plug Controller Driver version: 0.4
[    1.097823] ACPI: AC Adapter [AC] (on-line)
[    1.099194] input: Power Button as /devices/LNXSYSTM:00/LNXPWRBN:00/input/input0
[    1.101453] ACPI: Power Button [PWRF]
[    1.102687] input: Sleep Button as /devices/LNXSYSTM:00/LNXSLPBN:00/input/input1
[    1.104951] ACPI: Sleep Button [SLPF]
[    1.106388] GHES: HEST is not enabled!
[    1.107367] ACPI: Battery Slot [BAT0] (battery present)
[    1.109746] Serial: 8250/16550 driver, 32 ports, IRQ sharing enabled
[    1.134769] 00:02: ttyS0 at I/O 0x3f8 (irq = 4, base_baud = 115200) is a 16550A
[    1.140635] Linux agpgart interface v0.103
[    1.144403] loop: module loaded
[    1.146430] scsi host0: ata_piix
[    1.147694] scsi host1: ata_piix
[    1.148843] ata1: PATA max UDMA/33 cmd 0x1f0 ctl 0x3f6 bmdma 0xd000 irq 14
[    1.150841] ata2: PATA max UDMA/33 cmd 0x170 ctl 0x376 bmdma 0xd008 irq 15
[    1.152851] libphy: Fixed MDIO Bus: probed
[    1.154387] tun: Universal TUN/TAP device driver, 1.6
[    1.155969] tun: (C) 1999-2004 Max Krasnyansky <maxk@qualcomm.com>
[    1.157804] PPP generic driver version 2.4.2
[    1.159196] ehci_hcd: USB 2.0 'Enhanced' Host Controller (EHCI) Driver
[    1.160972] ehci-pci: EHCI PCI platform driver
[    1.162389] ehci-platform: EHCI generic platform driver
[    1.163915] ohci_hcd: USB 1.1 'Open' Host Controller (OHCI) Driver
[    1.166014] ohci-pci: OHCI PCI platform driver
[    1.167376] ohci-platform: OHCI generic platform driver
[    1.168854] uhci_hcd: USB Universal Host Controller Interface driver
[    1.170663] i8042: PNP: PS/2 Controller [PNP0303:PS2K,PNP0f03:PS2M] at 0x60,0x64 irq 1,12
[    1.173814] serio: i8042 KBD port at 0x60,0x64 irq 1
[    1.175497] serio: i8042 AUX port at 0x60,0x64 irq 12
[    1.177307] mousedev: PS/2 mouse device common for all mice
[    1.179333] input: AT Translated Set 2 keyboard as /devices/platform/i8042/serio0/input/input2
[    1.182664] rtc_cmos rtc_cmos: rtc core: registered rtc_cmos as rtc0
[    1.184634] rtc_cmos rtc_cmos: alarms up to one day, 114 bytes nvram
[    1.186595] i2c /dev entries driver
[    1.187862] device-mapper: uevent: version 1.0.3
[    1.189416] device-mapper: ioctl: 4.34.0-ioctl (2015-10-28) initialised: dm-devel@redhat.com
[    1.191966] ledtrig-cpu: registered to indicate activity on CPUs
[    1.194148] NET: Registered protocol family 10
[    1.195982] NET: Registered protocol family 17
[    1.197396] Key type dns_resolver registered
[    1.199219] registered taskstats version 1
[    1.200490] Loading compiled-in X.509 certificates
[    1.202583] Loaded X.509 cert 'Build time autogenerated kernel key: bff73e56bc0efa7435b2a24f5427674623f1be80'
[    1.205831] zswap: loaded using pool lzo/zbud
[    1.209562] Key type trusted registered
[    1.214467] Key type encrypted registered
[    1.215784] AppArmor: AppArmor sha1 policy hashing enabled
[    1.217473] ima: No TPM chip found, activating TPM-bypass!
[    1.219060] ima: Allocated hash algorithm: sha1
[    1.220435] evm: HMAC attrs: 0x1
[    1.222045]   Magic number: 11:819:502
[    1.223532] rtc_cmos rtc_cmos: setting system clock to 2019-03-21 22:28:28 UTC (1553207308)
[    1.226607] BIOS EDD facility v0.16 2004-Jun-25, 0 devices found
[    1.228268] EDD information not available.
[    1.310202] Freeing unused kernel memory: 1484K
[    1.311610] Write protecting the kernel read-only data: 14336k
[    1.313700] Freeing unused kernel memory: 1624K
[    1.315928] Freeing unused kernel memory: 92K
Loading, please wait...
starting version 229
[    1.331755] random: systemd-udevd: uninitialized urandom read (16 bytes read, 3 bits of entropy available)
[    1.332417] random: udevadm: uninitialized urandom read (16 bytes read, 3 bits of entropy available)
[    1.332436] random: udevadm: uninitialized urandom read (16 bytes read, 3 bits of entropy available)
[    1.342775] random: udevadm: uninitialized urandom read (16 bytes read, 3 bits of entropy available)
[    1.342822] random: udevadm: uninitialized urandom read (16 bytes read, 3 bits of entropy available)
[    1.342986] random: udevadm: uninitialized urandom read (16 bytes read, 3 bits of entropy available)
[    1.343043] random: udevadm: uninitialized urandom read (16 bytes read, 3 bits of entropy available)
[    1.343102] random: udevadm: uninitialized urandom read (16 bytes read, 3 bits of entropy available)
[    1.343160] random: udevadm: uninitialized urandom read (16 bytes read, 3 bits of entropy available)
[    1.343253] random: udevadm: uninitialized urandom read (16 bytes read, 3 bits of entropy available)
[    1.423111] e1000: Intel(R) PRO/1000 Network Driver - version 7.3.21-k8-NAPI
[    1.431751] e1000: Copyright (c) 1999-2006 Intel Corporation.
[    1.441585] Fusion MPT base driver 3.04.20
[    1.443228] Copyright (c) 1999-2008 LSI Corporation
[    1.470582] AVX2 version of gcm_enc/dec engaged.
[    1.472321] AES CTR mode by8 optimization enabled
[    1.478564] Fusion MPT SPI Host driver 3.04.20
[    1.674066] input: ImExPS/2 Generic Explorer Mouse as /devices/platform/i8042/serio1/input/input4
[    1.893401] e1000 0000:00:03.0 eth0: (PCI:33MHz:32-bit) 02:a9:46:80:4d:77
[    1.895528] e1000 0000:00:03.0 eth0: Intel(R) PRO/1000 Network Connection
[    2.061181] tsc: Refined TSC clocksource calibration: 2807.816 MHz
[    2.063488] clocksource: tsc: mask: 0xffffffffffffffff max_cycles: 0x287917f69b7, max_idle_ns: 440795237970 ns
[    2.430088] e1000 0000:00:08.0 eth1: (PCI:33MHz:32-bit) 08:00:27:56:e8:44
[    2.431898] e1000 0000:00:08.0 eth1: Intel(R) PRO/1000 Network Connection
[    3.087426] e1000 0000:00:09.0 eth2: (PCI:33MHz:32-bit) 08:00:27:1f:52:0f
[    3.089255] e1000 0000:00:09.0 eth2: Intel(R) PRO/1000 Network Connection
[    3.092030] mptbase: ioc0: Initiating bringup
[    3.092995] e1000 0000:00:03.0 enp0s3: renamed from eth0
[    3.109204] e1000 0000:00:08.0 enp0s8: renamed from eth1
[    3.120838] e1000 0000:00:09.0 enp0s9: renamed from eth2
[    3.157008] ioc0: LSI53C1030 A0: Capabilities={Initiator}
[    3.318606] scsi host2: ioc0: LSI53C1030 A0, FwRev=00000000h, Ports=1, MaxQ=256, IRQ=20
[    3.433843] scsi 2:0:0:0: Direct-Access     VBOX     HARDDISK         1.0  PQ: 0 ANSI: 5
[    3.436662] scsi target2:0:0: Beginning Domain Validation
[    3.439933] scsi target2:0:0: Domain Validation skipping write tests
[    3.441701] scsi target2:0:0: Ending Domain Validation
[    3.443248] scsi target2:0:0: asynchronous
[    3.445218] scsi 2:0:1:0: Direct-Access     VBOX     HARDDISK         1.0  PQ: 0 ANSI: 5
[    3.464699] scsi target2:0:1: Beginning Domain Validation
[    3.467411] scsi target2:0:1: Domain Validation skipping write tests
[    3.469221] scsi target2:0:1: Ending Domain Validation
[    3.470729] scsi target2:0:1: asynchronous
[    3.478763] sd 2:0:0:0: Attached scsi generic sg0 type 0
[    3.480384] sd 2:0:0:0: [sda] 20971520 512-byte logical blocks: (10.7 GB/10.0 GiB)
[    3.480881] sd 2:0:1:0: Attached scsi generic sg1 type 0
[    3.481068] sd 2:0:1:0: [sdb] 20480 512-byte logical blocks: (10.5 MB/10.0 MiB)
[    3.481256] sd 2:0:1:0: [sdb] Write Protect is off
[    3.481375] sd 2:0:1:0: [sdb] Incomplete mode parameter data
[    3.481377] sd 2:0:1:0: [sdb] Assuming drive cache: write through
[    3.486173] sd 2:0:1:0: [sdb] Attached SCSI disk
[    3.499613] sd 2:0:0:0: [sda] Write Protect is off
[    3.501243] sd 2:0:0:0: [sda] Incomplete mode parameter data
[    3.502823] sd 2:0:0:0: [sda] Assuming drive cache: write through
[    3.506240]  sda: sda1
[    3.508035] sd 2:0:0:0: [sda] Attached SCSI disk
Begin: Loading essential drivers ... [    5.088734] md: linear personality registered for level -1
[    5.092976] md: multipath personality registered for level -4
[    5.097509] md: raid0 personality registered for level 0
[    5.103047] md: raid1 personality registered for level 1
[    5.176775] raid6: sse2x1   gen()  8317 MB/s
[    5.244612] raid6: sse2x1   xor()  6422 MB/s
[    5.313432] raid6: sse2x2   gen() 10321 MB/s
[    5.380753] raid6: sse2x2   xor()  6689 MB/s
[    5.448623] raid6: sse2x4   gen() 11197 MB/s
[    5.516910] raid6: sse2x4   xor()  8001 MB/s
[    5.584735] raid6: avx2x1   gen() 17083 MB/s
[    5.653048] raid6: avx2x2   gen() 19684 MB/s
[    5.720895] raid6: avx2x4   gen() 21493 MB/s
[    5.722219] raid6: using algorithm avx2x4 gen() 21493 MB/s
[    5.723744] raid6: using avx2x2 recovery algorithm
[    5.726775] xor: automatically using best checksumming function:
[    5.765313]    avx       : 17914.000 MB/sec
[    5.768582] async_tx: api initialized (async)
[    5.781070] md: raid6 personality registered for level 6
[    5.783185] md: raid5 personality registered for level 5
[    5.785029] md: raid4 personality registered for level 4
[    5.793225] md: raid10 personality registered for level 10
done.
Begin: Running /scripts/init-premount ... done.
Begin: Mounting root file system ... Begin: Running /scripts/local-top ... done.
Begin: Running /scripts/local-premount ... [    5.834159] Btrfs loaded
Scanning for Btrfs filesystems
done.
Warning: fsck not present, so skipping root file system
[    5.866665] EXT4-fs (sda1): mounted filesystem with ordered data mode. Opts: (null)
done.
Begin: Running /scripts/local-bottom ... done.
Begin: Running /scripts/init-bottom ... done.
[    5.972770] systemd[1]: systemd 229 running in system mode. (+PAM +AUDIT +SELINUX +IMA +APPARMOR +SMACK +SYSVINIT +UTMP +LIBCRYPTSETUP +GCRYPT +GNUTLS +ACL +XZ -LZ4 +SECCOMP +BLKID +ELFUTILS +KMOD -IDN)
[    5.978012] systemd[1]: Detected virtualization oracle.
[    5.979607] systemd[1]: Detected architecture x86-64.

Welcome to [1mUbuntu 16.04.5 LTS[0m!

[    5.987241] systemd[1]: Set hostname to <ubuntu>.
[    5.991754] systemd[1]: Initializing machine ID from random generator.
[    5.994603] systemd[1]: Installed transient /etc/machine-id file.
[    6.140411] systemd[1]: Listening on Journal Socket (/dev/log).
[[0;32m  OK  [0m] Listening on Journal Socket (/dev/log).
[    6.144014] systemd[1]: Listening on Journal Socket.
[[0;32m  OK  [0m] Listening on Journal Socket.
[    6.147209] systemd[1]: Reached target User and Group Name Lookups.
[[0;32m  OK  [0m] Reached target User and Group Name Lookups.
[    6.150592] systemd[1]: Listening on LVM2 poll daemon socket.
[[0;32m  OK  [0m] Listening on LVM2 poll daemon socket.
[    6.153827] systemd[1]: Listening on LVM2 metadata daemon socket.
[[0;32m  OK  [0m] Listening on LVM2 metadata daemon socket.
[    6.158013] systemd[1]: Created slice User and Session Slice.
[[0;32m  OK  [0m] Created slice User and Session Slice.
[    6.161158] systemd[1]: Listening on udev Control Socket.
[[0;32m  OK  [0m] Listening on udev Control Socket.
[    6.164658] systemd[1]: Created slice System Slice.
[[0;32m  OK  [0m] Created slice System Slice.
[    6.181190] systemd[1]: Mounting Huge Pages File System...
         Mounting Huge Pages File System...
[    6.186745] systemd[1]: Starting Create list of required static device nodes for the current kernel...
         Starting Create list of required st... nodes for the current kernel...
[    6.192915] systemd[1]: Mounting POSIX Message Queue File System...
         Mounting POSIX Message Queue File System...
[    6.206299] systemd[1]: Starting Set console keymap...
         Starting Set console keymap...
[    6.210658] systemd[1]: Mounting Debug File System...
         Mounting Debug File System...
[    6.219570] systemd[1]: Started Trigger resolvconf update for networkd DNS.
[[0;32m  OK  [0m] Started Trigger resolvconf update for networkd DNS.
[    6.223730] systemd[1]: Listening on /dev/initctl Compatibility Named Pipe.
[[0;32m  OK  [0m] Listening on /dev/initctl Compatibility Named Pipe.
[    6.229092] systemd[1]: Starting Uncomplicated firewall...
         Starting Uncomplicated firewall...
[    6.232721] systemd[1]: Reached target Swap.
[[0;32m  OK  [0m] Reached target Swap.
[    6.237298] systemd[1]: Starting Remount Root and Kernel File Systems...
[    6.241217] EXT4-fs (sda1): re-mounted. Opts: (null)
         Starting Remount Root and Kernel File Systems...
[    6.249211] systemd[1]: Listening on Device-mapper event daemon FIFOs.
[[0;32m  OK  [0m] Listening on Device-mapper event daemon FIFOs.
[    6.253756] systemd[1]: Starting Monitoring of LVM2 mirrors, snapshots etc. using dmeventd or progress polling...
         Starting Monitoring of LVM2 mirrors... dmeventd or progress polling...
[    6.268824] systemd[1]: Started Forward Password Requests to Wall Directory Watch.
[[0;32m  OK  [0m] Started Forward Password Requests to Wall Directory Watch.
[    6.274658] systemd[1]: Set up automount Arbitrary Executable File Formats File System Automount Point.
[[0;32m  OK  [0m] Set up automount Arbitrary Executab...ats File System Automount Point.
[    6.298910] systemd[1]: Listening on Journal Audit Socket.
[[0;32m  OK  [0m] Listening on Journal Audit Socket.
[    6.303102] systemd[1]: Listening on Syslog Socket.
[[0;32m  OK  [0m] Listening on Syslog Socket.
[    6.307601] systemd[1]: Starting Journal Service...
         Starting Journal Service...
[    6.310857] systemd[1]: Reached target Slices.
[[0;32m  OK  [0m] Reached target Slices.
[    6.316073] systemd[1]: Created slice system-serial\x2dgetty.slice.
[[0;32m  OK  [0m] Created slice system-serial\x2dgetty.slice.
[    6.323414] systemd[1]: Listening on udev Kernel Socket.
[[0;32m  OK  [0m] Listening on udev Kernel Socket.
[    6.353521] systemd[1]: Starting Load Kernel Modules...
         Starting Load Kernel Modules...
[    6.358061] systemd[1]: Reached target System Time Synchronized.
[[0;32m  OK  [0m] Reached target System Time Synchronized.
[    6.363110] systemd[1]: Starting Nameserver information manager...
[    6.372331] Loading iSCSI transport class v2.0-870.
         Starting Nameserver information manager...
[    6.382305] systemd[1]: Reached target Encrypted Volumes.
[[0;32m  OK  [0m] Reached target Encrypted Volumes.
[    6.389370] systemd[1]: Mounted Huge Pages File System.
[    6.391522] iscsi: registered transport (tcp)
[[0;32m  OK  [0m] Mounted Huge Pages File System.
[    6.402214] systemd[1]: Mounted Debug File System.
[[0;32m  OK  [0m] Mounted Debug File System.
[    6.405543] systemd[1]: Mounted POSIX Message Queue File System.
[[0;32m  OK  [0m] Mounted POSIX Message Queue File System.
[    6.417407] systemd[1]: Started Journal Service.
[[0;32m  OK  [0m] Started Journal Service.
[[0;32m  OK  [0m] Started Create list of required sta...ce nodes for the current kernel.
[[0;32m  OK  [0m] Started Set console keymap.
[[0;32m  OK  [0m] Started Uncomplicated firewall.
[    6.440136] iscsi: registered transport (iser)
[[0;32m  OK  [0m] Started Remount Root and Kernel File Systems.
[[0;32m  OK  [0m] Started Load Kernel Modules.
[[0;32m  OK  [0m] Started Nameserver information manager.
[[0;32m  OK  [0m] Started LVM2 metadata daemon.
         Starting Apply Kernel Variables...
         Mounting FUSE Control File System...
         Starting udev Coldplug all Devices...
         Starting Load/Save Random Seed...
         Starting Create Static Device Nodes in /dev...
         Starting Flush Journal to Persistent Storage...
[[0;32m  OK  [0m] Mounted FUSE Control File System.
[[0;32m  OK  [0m] Started Apply Kernel Variables.
[[0;32m  OK  [0m] Started Load/Save Random Seed.
[[0;32m  OK  [0m] Started Create Static Device Nodes in /dev.
[[0;32m  OK  [0m] Started udev Coldplug all Devices.
         Starting udev Kernel Device Manager...
[[0;32m  OK  [0m] Started Flush Journal to Persistent Storage.
[[0;32m  OK  [0m] Started udev Kernel Device Manager.
[[0;32m  OK  [0m] Started Dispatch Password Requests to Console Directory Watch.
[[0;32m  OK  [0m] Found device /dev/ttyS0.
[[0;32m  OK  [0m] Listening on Load/Save RF Kill Switch Status /dev/rfkill Watch.
[[0;32m  OK  [0m] Started Monitoring of LVM2 mirrors,...ng dmeventd or progress polling.
[[0;32m  OK  [0m] Reached target Local File Systems (Pre).
[[0;32m  OK  [0m] Reached target Local File Systems.
         Starting Create Volatile Files and Directories...
         Starting Commit a transient machine-id on disk...
         Starting Initial cloud-init job (pre-networking)...
         Starting LSB: AppArmor initialization...
         Starting Set console font and keymap...
         Starting Tell Plymouth To Write Out Runtime Data...
[[0;32m  OK  [0m] Started Create Volatile Files and Directories.
[[0;32m  OK  [0m] Started Commit a transient machine-id on disk.
[[0;32m  OK  [0m] Started Tell Plymouth To Write Out Runtime Data.
         Starting Update UTMP about System Boot/Shutdown...
[[0;32m  OK  [0m] Started Update UTMP about System Boot/Shutdown.
[    9.220293] cloud-init[628]: Cloud-init v. 18.4-0ubuntu1~16.04.2 running 'init-local' at Thu, 21 Mar 2019 22:28:36 +0000. Up 8.57 seconds.
[[0;32m  OK  [0m] Started Initial cloud-init job (pre-networking).
[[0;32m  OK  [0m] Reached target Network (Pre).
[[0;32m  OK  [0m] Started Set console font and keymap.
[[0;32m  OK  [0m] Created slice system-getty.slice.
[[0;32m  OK  [0m] Started LSB: AppArmor initialization.
         Starting Raise network interfaces...
[[0;32m  OK  [0m] Started Raise network interfaces.
         Starting Initial cloud-init job (metadata service crawler)...
[[0;32m  OK  [0m] Reached target Network.
[   11.701674] cloud-init[965]: Cloud-init v. 18.4-0ubuntu1~16.04.2 running 'init' at Thu, 21 Mar 2019 22:28:38 +0000. Up 11.08 seconds.
[   11.707441] cloud-init[965]: ci-info: ++++++++++++++++++++++++++++++++++++++Net device info+++++++++++++++++++++++++++++++++++++++
[   11.724385] cloud-init[965]: ci-info: +--------+-------+----------------------------+---------------+--------+-------------------+
[   11.732031] cloud-init[965]: ci-info: | Device |   Up  |          Address           |      Mask     | Scope  |     Hw-Address    |
[   11.736374] cloud-init[965]: ci-info: +--------+-------+----------------------------+---------------+--------+-------------------+
[   11.743662] cloud-init[965]: ci-info: | enp0s3 |  True |         10.0.2.15          | 255.255.255.0 | global | 02:a9:46:80:4d:77 |
[   11.747438] cloud-init[965]: ci-info: | enp0s3 |  True | fe80::a9:46ff:fe80:4d77/64 |       .       |  link  | 02:a9:46:80:4d:77 |
[   11.751424] cloud-init[965]: ci-info: | enp0s8 | False |             .              |       .       |   .    | 08:00:27:56:e8:44 |
[   11.755363] cloud-init[965]: ci-info: | enp0s9 | False |             .              |       .       |   .    | 08:00:27:1f:52:0f |
[   11.768472] cloud-init[965]: ci-info: |   lo   |  True |         127.0.0.1          |   255.0.0.0   |  host  |         .         |
[   11.774284] cloud-init[965]: ci-info: |   lo   |  True |          ::1/128           |       .       |  host  |         .         |
[   11.778354] cloud-init[965]: ci-info: +--------+-------+----------------------------+---------------+--------+-------------------+
[   11.782329] cloud-init[965]: ci-info: +++++++++++++++++++++++++++Route IPv4 info++++++++++++++++++++++++++++
[   11.787546] cloud-init[965]: ci-info: +-------+-------------+----------+---------------+-----------+-------+
[[0;32m  OK  [0m] Started Initial cloud-init job (metadata service crawler).
[   11.815070] cloud-init[965]: ci-info: | Route | Destination | Gateway  |    Genmask    | Interface | Flags |
[   11.828196] [[0;32m  OK  [0m] Reached target Cloud-config availability.
cloud-init[[0;32m  OK  [0m] Reached target System Initialization.
[965]: [[0;32m  OK  [0m] Listening on ACPID Listen Socket.
ci-info: +-------+-------------+----------+---------------+-----------+-------+
         Starting LXD - unix socket.
[   11.838042] cloud-init[965]: ci-info: |   0   |   0.0.0.0   | 10.0.2.2 |    0.0.0.0    |   enp0s3  |   UG  |
[   11.865570] [cloud-init[0;32m  OK  [0m[965]: ] ci-info: |   1   |   10.0.2.0  | 0.0.0.0  | 255.255.255.0 |   enp0s3  |   U   |Started ACPI Events Check.

[   11.923870] [[0;32m  OK  [0m] Reached target Paths.
cloud-init[[965]: [0;32m  OK  [0mci-info: +-------+-------------+----------+---------------+-----------+-------+] 
Started Daily apt download activities.
[[0;32m  OK  [0m] Listening on UUID daemon activation socket.
[   11.925945]          Starting Socket activation for snappy daemon.
cloud-init[965]: ci-info: +++++++++++++++++++Route IPv6 info+++++++++++++++++++
[   11.948896] [cloud-init[0;32m  OK  [0m[965]: ] ci-info: +-------+-------------+---------+-----------+-------+Started Daily Cleanup of Temporary Directories.

[   11.950196] [[0;32m  OK  [0m] Listening on D-Bus System Message Bus Socket.
cloud-init[[0;32m  OK  [0m] Started Daily apt upgrade and clean activities.
[965]: [[0;32m  OK  [0m] Reached target Timers.
ci-info: | Route | Destination | Gateway | Interface | Flags |[[0;32m  OK  [0m] Reached target Network is Online.

[   12.005399] cloud-init[965]: ci-info: +-------+-------------+---------+-----------+-------+
         Starting iSCSI initiator daemon (iscsid)...
[[0;32m  OK  [0m] Listening on LXD - unix socket.
[   12.027621] cloud-init[965]: ci-info: |   0   |  fe80::/64  |    ::   |   enp0s3  |   U   |
[[0;32m  OK  [0m] Listening on Socket activation for snappy daemon.
[   12.061873] cloud-init[965]: ci-info: |   3   |   ff00::/8  |    ::   |   enp0s3  |   U   |
[   12.067343] cloud-init[965]: ci-info: +-------+-------------+---------+-----------+-------+
[   12.070163] cloud-init[965]: Generating public/private rsa key pair.
[   12.072378] cloud-init[965]: Your identification has been saved in /etc/ssh/ssh_host_rsa_key.
[   12.075133] cloud-init[965]: Your public key has been saved in /etc/ssh/ssh_host_rsa_key.pub.
[   12.080700] cloud-init[965]: The key fingerprint is:
[   12.083631] cloud-init[965]: SHA256:SZ9M6+kUvYY6cBlFYghUypda6cCfgAPZDcWuzEDZ+VM root@ubuntu-xenial
[[0;32m  OK  [0m] Reached target Sockets.
[[0;32m  OK  [0m] Reached target Basic System.
         Starting LSB: Record successful boot for GRUB...
         Starting LSB: MD monitoring daemon...
[[0;32m  OK  [0m] Started Unattended Upgrades Shutdown.
         Starting System Logging Service...
         Starting Login Service...
         Starting LXD - container startup/shutdown...
[   12.090449] cloud-init[965]: The key's randomart image is:
[[0;32m  OK  [0m] Started D-Bus System Message Bus.
[   12.121232] cloud-init[965]: +---[RSA 2048]----+
[   12.127516] cloud-init[965]: |.o+*=o..o..      |
[   12.130726] cloud-init[965]: |.+.*o..E ..      |
[   12.133144] cloud-init[965]: |. o.B * ...      |
[   12.135200] cloud-init[965]: |.  ..@ o.= +     |
[   12.137448] cloud-init[965]: | + .. = So* .    |
[   12.152774] cloud-init[965]: |  +   . o. + .   |
[   12.155788] cloud-init[965]: |       o  = o    |
[   12.157803] cloud-init[965]: |        .+ .     |
[   12.160661] cloud-init[965]: |        ...      |
[   12.162672] cloud-init[965]: +----[SHA256]-----+
[   12.164942] cloud-init[965]: Generating public/private dsa key pair.
[   12.167385] cloud-init[965]: Your identification has been saved in /etc/ssh/ssh_host_dsa_key.
[   12.170771] cloud-init[965]: Your public key has been saved in /etc/ssh/ssh_host_dsa_key.pub.
[   12.176634] cloud-init[965]: The key fingerprint is:
[   12.182070] cloud-init[965]: SHA256:ZuSX2mj3s/nEoQ68mIafBJntFcupDzroVmHTsPypO5A root@ubuntu-xenial
[   12.189688] cloud-init[965]: The key's randomart image is:
[   12.200850]          cloud-initStarting Snappy daemon...[965]: 
+---[DSA 1024]----+
[[0;32m  OK  [0m] Started ACPI event daemon.
[   12.223895] cloud-init[965]: |                 |
[   12.240735] cloud-init[965]: |      .          |
[   12.244046] cloud-init[965]: |     . +. .      |
         Starting /etc/rc.local Compatibility...
[[0;32m  OK  [0m] Started Regular background program processing daemon.
         Starting Pollinate to seed the pseudo random number generator...
[   12.248955] cloud-init[965]: |      **.. =     |
         Starting Virtualbox guest utils...
[   12.283467] cloud-init[965]: |     o++S.B   .  |
[   12.297118] cloud-init[965]: |    E .=oO   o . |
         Starting Accounts Service...
[[0;32m  OK  [0m] Started FUSE filesystem for LXC.
[   12.305900] [[0;32m  OK  [0m] Started Deferred execution scheduler.
[[0;32m  OK  [0m] Started System Logging Service.
[[0;32m  OK  [0m] Started iSCSI initiator daemon (iscsid).
[[0;32m  OK  [0m] Started /etc/rc.local Compatibility.
cloud-init[965]: |     + oO = . o  |
[   12.378454] [[0;32m  OK  [0m] Started LXD - container startup/shutdown.
cloud-init[965]: |    o =+.B =.o   |
[   12.399333] cloud-init[965]: |   o. o*= o =+.  |
[   12.408663] cloud-init[965]: +----[SHA256]-----+
[   12.414589] cloud-init[965]: Generating public/private ecdsa key pair.
[   12.424722] cloud-init[965]: Your identification has been saved in /etc/ssh/ssh_host_ecdsa_key.
[[0;32m  OK  [0m] Started LSB: MD monitoring daemon.
[   12.442662] [[0;32m  OK  [0m] Started LSB: Record successful boot for GRUB.
cloud-init[965]: Your public key has been saved in /etc/ssh/ssh_host_ecdsa_key.pub.
[   12.455381] cloud-init[965]: The key fingerprint is:
[   12.459321] cloud-init[965]: SHA256:NN4jDJOl4fxsis40zUPfju/ux/t3XZuzMPo2pdjQtfE root@ubuntu-xenial
[   12.497791] cloud-init[965]: The key's randomart image is:
[[   12.498206] cloud-init[965]: +---[ECDSA 256]---+
[0;32m  OK  [0m[   12.500699] cloud-init[965]: |      . .        |
] [   12.502250] cloud-init[965]: |     o =         |
Started Login Service.
[   12.503689] cloud-init[965]: |      B o        |
[   12.512331] cloud-init[965]: |       O o     o |
[   12.516426] cloud-init[965]: |      . S o . . +|
         Starting Authenticate and Authorize Users to Run Privileged Tasks...[   12.543642] cloud-init[965]: |     = + o o . oE|

[   12.546029] cloud-init[965]: |    + = . ..+oo =|
[   12.547860] cloud-init[965]: |   + . . o .+=o++|
[   12.548485] cloud-init[965]: |    o   .=*o++oo+|
[   12.548849] cloud-init[965]: +----[SHA256]-----+
[   12.549316] cloud-init[965]: Generating public/private ed25519 key pair.
[   12.566726] cloud-init[965]: Your identification has been saved in /etc/ssh/ssh_host_ed25519_key.
[   12.575407] cloud-init[965]: Your public key has been saved in /etc/ssh/ssh_host_ed25519_key.pub.
[   12.579642] cloud-init[965]: The key fingerprint is:
         Starting Login to default iSCSI targets...
[   12.596436] cloud-init[965]: SHA256:6sIWdM9vv9ldD6lCR6ItBeVLbngDH8GrXK0UaDE0wyk root@ubuntu-xenial
[[0;32m  OK  [0m] Started Virtualbox guest utils.
[[0;32m  OK  [0m] Started Snappy daemon.
[   12.639493] cloud-init[965]: The key's randomart image is:
[[0;32m  OK  [0m] Started Authenticate and Authorize Users to Run Privileged Tasks.
[   12.656787] [[0;32m  OK  [0m] Started Accounts Service.
cloud-init[965]: +--[ED25519 256]--+
         Starting Wait until snapd is fully seeded...
[   12.704818] cloud-init[965]: |       o**o      |
[   12.718644] cloud-init[965]: |      E *=o.     |
[   12.729111] cloud-init[965]: |       o..++     |
[   12.731436] cloud-init[965]: |    . .  **oo    |
[   12.735030] cloud-init[965]: |   . . +SBB+     |
[   12.748045] cloud-init[965]: |    .  .Bo+..  . |
[   12.758060] [[0;32m  OK  [0m] Started Login to default iSCSI targets.
cloud-init[[0;32m  OK  [0m] Reached target Remote File Systems (Pre).
[965]: [[0;32m  OK  [0m] Reached target Remote File Systems.
|   . ..  + .  o .|
[   12.780305]          Starting LSB: daemon to balance interrupts for SMP systems...
cloud-init         Starting LSB: Set the CPU Frequency Scaling governor to "ondemand"...
[965]:          Starting LSB: automatic crash report generation...
|    +.    +  + oo|
[   12.846203]          cloud-init[965]: |   . ..  . o=.. o|Starting Permit User Sessions...

[   12.847351] cloud-init[965]: +----[SHA256]-----+
[[0;32m  OK  [0m] Started Permit User Sessions.
[[0;32m  OK  [0m] Started Pollinate to seed the pseudo random number generator.
[[0;32m  OK  [0m] Started LSB: Set the CPU Frequency Scaling governor to "ondemand".
[[0;32m  OK  [0m] Started LSB: daemon to balance interrupts for SMP systems.
         Starting OpenBSD Secure Shell server...
         Starting Hold until boot process finishes up...
         Starting Terminate Plymouth Boot Screen...
[[0;32m  OK  [0m] Started LSB: automatic crash report generation.
[[0;32m  OK  [0m] Started Hold until boot process finishes up.
[[0;32m  OK  [0m] Started Terminate Plymouth Boot Screen.
[[0;32m  OK  [0m] Started OpenBSD Secure Shell server.
[[0;32m  OK  [0m] Started Serial Getty on ttyS0.
         Starting Set console scheme...
[[0;32m  OK  [0m] Started Getty on tty1.
[[0;32m  OK  [0m] Reached target Login Prompts.
[[0;32m  OK  [0m] Started Set console scheme.
[[0;32m  OK  [0m] Created slice User Slice of vagrant.
         Starting User Manager for UID 1000...
[[0;32m  OK  [0m] Started Session 1 of user vagrant.
[[0;32m  OK  [0m] Started User Manager for UID 1000.
[[0;32m  OK  [0m] Started Wait until snapd is fully seeded.
[[0;32m  OK  [0m] Reached target Multi-User System.
[[0;32m  OK  [0m] Reached target Graphical Interface.
         Starting Update UTMP about System Runlevel Changes...
         Starting Apply the settings specified in cloud-config...
[[0;32m  OK  [0m] Started Update UTMP about System Runlevel Changes.
[   15.904436] cloud-init[1351]: Generating locales (this might take a while)...
[   17.403259] cloud-init[1351]:   en_US.UTF-8... done
[   17.405376] cloud-init[1351]: Generation complete.
[   17.949582] cloud-init[1351]: Cloud-init v. 18.4-0ubuntu1~16.04.2 running 'modules:config' at Thu, 21 Mar 2019 22:28:43 +0000. Up 15.56 seconds.
[[0;32m  OK  [0m] Started Apply the settings specified in cloud-config.
         Starting Execute cloud user/final scripts...
ci-info: no authorized ssh keys fingerprints found for user ubuntu.
<14>Mar 21 22:28:46 ec2: 
<14>Mar 21 22:28:46 ec2: #############################################################
<14>Mar 21 22:28:46 ec2: -----BEGIN SSH HOST KEY FINGERPRINTS-----
<14>Mar 21 22:28:46 ec2: 1024 SHA256:ZuSX2mj3s/nEoQ68mIafBJntFcupDzroVmHTsPypO5A root@ubuntu-xenial (DSA)
<14>Mar 21 22:28:46 ec2: 256 SHA256:NN4jDJOl4fxsis40zUPfju/ux/t3XZuzMPo2pdjQtfE root@ubuntu-xenial (ECDSA)
<14>Mar 21 22:28:46 ec2: 256 SHA256:6sIWdM9vv9ldD6lCR6ItBeVLbngDH8GrXK0UaDE0wyk root@ubuntu-xenial (ED25519)
<14>Mar 21 22:28:46 ec2: 2048 SHA256:SZ9M6+kUvYY6cBlFYghUypda6cCfgAPZDcWuzEDZ+VM root@ubuntu-xenial (RSA)
<14>Mar 21 22:28:46 ec2: -----END SSH HOST KEY FINGERPRINTS-----
<14>Mar 21 22:28:46 ec2: #############################################################
-----BEGIN SSH HOST KEY KEYS-----
ecdsa-sha2-nistp256 AAAAE2VjZHNhLXNoYTItbmlzdHAyNTYAAAAIbmlzdHAyNTYAAABBBDJOV0YQ2PdWpsJClN5dg5VThvvKtwLkpTJqmZH1QfiHqyLpWvs4Zb2c7neNXxyTE25LCuh9xeLnqeFjbuZdWS0= root@ubuntu-xenial
ssh-ed25519 AAAAC3NzaC1lZDI1NTE5AAAAIHzRygxZo6deEAGRv4B+7uVEl8XGuYHCa+AqaNkOr8ki root@ubuntu-xenial
ssh-rsa AAAAB3NzaC1yc2EAAAADAQABAAABAQDKlZQ+scX9jQ7B1j4Wob8JWdM8DFSjDsnx526ILDWRg63pVv24AsjVFag/dTPYgWfhiB7On/hPVML+UEYqf0bproge3hT2lqz2Ns/oRjcLR0Fu507RP3RXchkLofhxOk+1eVY+Udj99ciHhmxSjGpEt5zvlat4a8jjMtnZSs+edN9l8Z77O77YNd7H/a1nsbaV/6oTC8Rz0PmaGJs3RzH3zJONNR+bYYP7C4SMRR1xpMZwrdTDHVkIWNxZAEDrZ1kA7iFYkTqxCb7z7g7SCfjcB9VE7Skcv/wSOnycXNichrzeyPmw+om2ITv+BYXarg0okvaZfCgyJ0ZAgW8umWhN root@ubuntu-xenial
-----END SSH HOST KEY KEYS-----
[   18.985549] cloud-init[1519]: Cloud-init v. 18.4-0ubuntu1~16.04.2 running 'modules:final' at Thu, 21 Mar 2019 22:28:46 +0000. Up 18.70 seconds.
[   18.990109] cloud-init[1519]: ci-info: no authorized ssh keys fingerprints found for user ubuntu.
[   18.996355] cloud-init[1519]: Cloud-init v. 18.4-0ubuntu1~16.04.2 finished at Thu, 21 Mar 2019 22:28:46 +0000. Datasource DataSourceNoCloud [seed=/dev/sdb][dsmode=net].  Up 18.96 seconds

Ubuntu 16.04.5 LTS ubuntu-xenial ttyS0

ubuntu-xenial login: 